2023-11-26 00:13:31,086	Batch Processor	INFO	Config file loaded and logger created.
2023-11-26 00:13:31,087	Batch Processor	INFO	18 scenarios skipped.
2023-11-26 00:13:31,087	Batch Processor	INFO	ScenarioLoader Mode <DEFAULT>
2023-11-26 00:13:31,087	Batch Processor	INFO	Run on all scenarios, except the skipped scenarios
2023-11-26 00:13:31,087	Batch Processor	INFO	Number of scenarios: 500
2023-11-26 00:13:31,091	Batch Processor	INFO	Automaton loaded for vehicle type: BMW_320i
2023-11-26 00:13:31,091	Batch Processor	INFO	Motion planner: student
2023-11-26 00:13:31,105	Batch Processor	INFO	Number of parallel processes: 1
2023-11-26 02:30:54,525	Batch Processor	INFO	==============================        Search Results        ==============================
2023-11-26 02:30:54,526	Batch Processor	INFO	[ARG_Carcarana-11_1_T-1        ]	<SUCCESS>	 Time [ms]:	   893	
2023-11-26 02:30:54,533	Batch Processor	INFO	[ARG_Carcarana-13_1_T-1        ]	<SUCCESS>	 Time [ms]:	   388	
2023-11-26 02:30:54,534	Batch Processor	INFO	[ARG_Carcarana-2_3_T-1         ]	<SUCCESS>	 Time [ms]:	   774	
2023-11-26 02:30:54,534	Batch Processor	INFO	[ARG_Carcarana-3_3_T-1         ]	<SUCCESS>	 Time [ms]:	  1107	
2023-11-26 02:30:54,535	Batch Processor	INFO	[ARG_Carcarana-5_2_T-1         ]	<SUCCESS>	 Time [ms]:	   590	
2023-11-26 02:30:54,535	Batch Processor	INFO	[ARG_Carcarana-7_1_T-1         ]	<SUCCESS>	 Time [ms]:	   786	
2023-11-26 02:30:54,535	Batch Processor	INFO	[ARG_Carcarana-8_4_T-1         ]	<FAILURE>	 Time [ms]:	   399
2023-11-26 02:30:54,536	Batch Processor	INFO	[ARG_Carcarana-9_2_T-1         ]	<SUCCESS>	 Time [ms]:	   805	
2023-11-26 02:30:54,536	Batch Processor	INFO	[BEL_Aarschot-11_1_T-1         ]	<SUCCESS>	 Time [ms]:	   277	
2023-11-26 02:30:54,537	Batch Processor	INFO	[BEL_Aarschot-1_2_T-1          ]	<SUCCESS>	 Time [ms]:	   422	
2023-11-26 02:30:54,537	Batch Processor	INFO	[BEL_Aarschot-3_1_T-1          ]	<SUCCESS>	 Time [ms]:	   176	
2023-11-26 02:30:54,537	Batch Processor	INFO	[BEL_Aarschot-5_1_T-1          ]	<SUCCESS>	 Time [ms]:	   359	
2023-11-26 02:30:54,538	Batch Processor	INFO	[BEL_Aarschot-6_1_T-1          ]	<FAILURE>	 Time [ms]:	   306
2023-11-26 02:30:54,538	Batch Processor	INFO	[BEL_Beringen-1_1_T-1          ]	<SUCCESS>	 Time [ms]:	   401	
2023-11-26 02:30:54,538	Batch Processor	INFO	[BEL_Beringen-8_1_T-1          ]	<SUCCESS>	 Time [ms]:	   195	
2023-11-26 02:30:54,539	Batch Processor	INFO	[BEL_Nivelles-10_1_T-1         ]	<SUCCESS>	 Time [ms]:	   202	
2023-11-26 02:30:54,539	Batch Processor	INFO	[BEL_Nivelles-16_2_T-1         ]	<SUCCESS>	 Time [ms]:	   118	
2023-11-26 02:30:54,540	Batch Processor	INFO	[BEL_Nivelles-18_2_T-1         ]	<SUCCESS>	 Time [ms]:	   381	
2023-11-26 02:30:54,540	Batch Processor	INFO	[BEL_Nivelles-19_1_T-1         ]	<SUCCESS>	 Time [ms]:	   392	
2023-11-26 02:30:54,541	Batch Processor	INFO	[BEL_Nivelles-1_1_T-1          ]	<SUCCESS>	 Time [ms]:	   291	
2023-11-26 02:30:54,541	Batch Processor	INFO	[BEL_Nivelles-20_1_T-1         ]	<SUCCESS>	 Time [ms]:	   375	
2023-11-26 02:30:54,542	Batch Processor	INFO	[BEL_Nivelles-3_1_T-1          ]	<SUCCESS>	 Time [ms]:	   673	
2023-11-26 02:30:54,542	Batch Processor	INFO	[BEL_Nivelles-4_2_T-1          ]	<SUCCESS>	 Time [ms]:	   436	
2023-11-26 02:30:54,542	Batch Processor	INFO	[BEL_Nivelles-9_2_T-1          ]	<SUCCESS>	 Time [ms]:	   545	
2023-11-26 02:30:54,543	Batch Processor	INFO	[BEL_Putte-10_2_T-1            ]	<SUCCESS>	 Time [ms]:	   160	
2023-11-26 02:30:54,543	Batch Processor	INFO	[BEL_Putte-11_2_T-1            ]	<SUCCESS>	 Time [ms]:	   176	
2023-11-26 02:30:54,543	Batch Processor	INFO	[BEL_Putte-14_3_T-1            ]	<FAILURE>	 Time [ms]:	   102
2023-11-26 02:30:54,543	Batch Processor	INFO	[BEL_Putte-17_1_T-1            ]	<FAILURE>	 Time [ms]:	   153
2023-11-26 02:30:54,544	Batch Processor	INFO	[BEL_Putte-2_1_T-1             ]	<SUCCESS>	 Time [ms]:	   251	
2023-11-26 02:30:54,544	Batch Processor	INFO	[BEL_Putte-3_1_T-1             ]	<SUCCESS>	 Time [ms]:	   202	
2023-11-26 02:30:54,544	Batch Processor	INFO	[BEL_Putte-4_2_T-1             ]	<SUCCESS>	 Time [ms]:	   435	
2023-11-26 02:30:54,545	Batch Processor	INFO	[BEL_Putte-6_1_T-1             ]	<SUCCESS>	 Time [ms]:	   273	
2023-11-26 02:30:54,545	Batch Processor	INFO	[BEL_Wervik-1_4_T-1            ]	<SUCCESS>	 Time [ms]:	   291	
2023-11-26 02:30:54,546	Batch Processor	INFO	[BEL_Wervik-2_2_T-1            ]	<SUCCESS>	 Time [ms]:	   377	
2023-11-26 02:30:54,546	Batch Processor	INFO	[BEL_Wervik-4_1_T-1            ]	<SUCCESS>	 Time [ms]:	   431	
2023-11-26 02:30:54,546	Batch Processor	INFO	[BEL_Zaventem-1_2_T-1          ]	<SUCCESS>	 Time [ms]:	   482	
2023-11-26 02:30:54,547	Batch Processor	INFO	[BEL_Zaventem-3_1_T-1          ]	<SUCCESS>	 Time [ms]:	   300	
2023-11-26 02:30:54,547	Batch Processor	INFO	[BEL_Zaventem-4_1_T-1          ]	<SUCCESS>	 Time [ms]:	   166	
2023-11-26 02:30:54,548	Batch Processor	INFO	[BEL_Zaventem-5_3_T-1          ]	<SUCCESS>	 Time [ms]:	   333	
2023-11-26 02:30:54,548	Batch Processor	INFO	[BEL_Zwevegem-2_3_T-1          ]	<SUCCESS>	 Time [ms]:	   430	
2023-11-26 02:30:54,549	Batch Processor	INFO	[BEL_Zwevegem-3_1_T-1          ]	<SUCCESS>	 Time [ms]:	   244	
2023-11-26 02:30:54,549	Batch Processor	INFO	[BEL_Zwevegem-5_2_T-1          ]	<SUCCESS>	 Time [ms]:	   427	
2023-11-26 02:30:54,550	Batch Processor	INFO	[BEL_Zwevegem-7_2_T-1          ]	<SUCCESS>	 Time [ms]:	   256	
2023-11-26 02:30:54,551	Batch Processor	INFO	[BEL_Zwevegem-8_1_T-1          ]	<SUCCESS>	 Time [ms]:	   308	
2023-11-26 02:30:54,552	Batch Processor	INFO	[BEL_Zwevegem-8_4_T-1          ]	<SUCCESS>	 Time [ms]:	   307	
2023-11-26 02:30:54,553	Batch Processor	INFO	[DEU_Backnang-1_2_T-1          ]	<SUCCESS>	 Time [ms]:	   889	
2023-11-26 02:30:54,554	Batch Processor	INFO	[DEU_Backnang-4_1_T-1          ]	<SUCCESS>	 Time [ms]:	   417	
2023-11-26 02:30:54,555	Batch Processor	INFO	[DEU_Backnang-5_1_T-1          ]	<SUCCESS>	 Time [ms]:	   470	
2023-11-26 02:30:54,556	Batch Processor	INFO	[DEU_Backnang-6_1_T-1          ]	<SUCCESS>	 Time [ms]:	   438	
2023-11-26 02:30:54,556	Batch Processor	INFO	[DEU_Backnang-9_1_T-1          ]	<SUCCESS>	 Time [ms]:	   207	
2023-11-26 02:30:54,557	Batch Processor	INFO	[DEU_BadEssen-3_1_T-1          ]	<SUCCESS>	 Time [ms]:	   603	
2023-11-26 02:30:54,557	Batch Processor	INFO	[DEU_BadEssen-4_1_T-1          ]	<SUCCESS>	 Time [ms]:	   151	
2023-11-26 02:30:54,557	Batch Processor	INFO	[DEU_BadWaldsee-1_1_T-1        ]	<SUCCESS>	 Time [ms]:	   487	
2023-11-26 02:30:54,558	Batch Processor	INFO	[DEU_BadWaldsee-4_2_T-1        ]	<SUCCESS>	 Time [ms]:	   243	
2023-11-26 02:30:54,558	Batch Processor	INFO	[DEU_BadWaldsee-4_5_T-1        ]	<SUCCESS>	 Time [ms]:	   272	
2023-11-26 02:30:54,559	Batch Processor	INFO	[DEU_Bilderstoeckchen-2_3_T-1  ]	<SUCCESS>	 Time [ms]:	   293	
2023-11-26 02:30:54,559	Batch Processor	INFO	[DEU_Bilderstoeckchen-4_1_T-1  ]	<SUCCESS>	 Time [ms]:	   285	
2023-11-26 02:30:54,559	Batch Processor	INFO	[DEU_Flensburg-10_1_T-1        ]	<TIMEOUT>	 Time [ms]:	 70000
2023-11-26 02:30:54,559	Batch Processor	INFO	[DEU_Flensburg-11_1_T-1        ]	<TIMEOUT>	 Time [ms]:	 70000
2023-11-26 02:30:54,560	Batch Processor	INFO	[DEU_Flensburg-12_1_T-1        ]	<SUCCESS>	 Time [ms]:	 47473	
2023-11-26 02:30:54,561	Batch Processor	INFO	[DEU_Flensburg-13_1_T-1        ]	<SUCCESS>	 Time [ms]:	  3956	
2023-11-26 02:30:54,562	Batch Processor	INFO	[DEU_Flensburg-14_1_T-1        ]	<SUCCESS>	 Time [ms]:	  8106	
2023-11-26 02:30:54,562	Batch Processor	INFO	[DEU_Flensburg-15_1_T-1        ]	<TIMEOUT>	 Time [ms]:	 70000
2023-11-26 02:30:54,563	Batch Processor	INFO	[DEU_Flensburg-16_1_T-1        ]	<SUCCESS>	 Time [ms]:	  7008	
2023-11-26 02:30:54,564	Batch Processor	INFO	[DEU_Flensburg-17_1_T-1        ]	<TIMEOUT>	 Time [ms]:	 70000
2023-11-26 02:30:54,564	Batch Processor	INFO	[DEU_Flensburg-18_1_T-1        ]	<SUCCESS>	 Time [ms]:	  3317	
2023-11-26 02:30:54,565	Batch Processor	INFO	[DEU_Flensburg-19_1_T-1        ]	<TIMEOUT>	 Time [ms]:	 70000
2023-11-26 02:30:54,565	Batch Processor	INFO	[DEU_Flensburg-20_1_T-1        ]	<TIMEOUT>	 Time [ms]:	 70000
2023-11-26 02:30:54,566	Batch Processor	INFO	[DEU_Flensburg-21_1_T-1        ]	<SUCCESS>	 Time [ms]:	  4915	
2023-11-26 02:30:54,566	Batch Processor	INFO	[DEU_Flensburg-22_1_T-1        ]	<TIMEOUT>	 Time [ms]:	 70000
2023-11-26 02:30:54,566	Batch Processor	INFO	[DEU_Flensburg-23_1_T-1        ]	<TIMEOUT>	 Time [ms]:	 70000
2023-11-26 02:30:54,566	Batch Processor	INFO	[DEU_Flensburg-24_1_T-1        ]	<TIMEOUT>	 Time [ms]:	 70000
2023-11-26 02:30:54,567	Batch Processor	INFO	[DEU_Flensburg-25_1_T-1        ]	<SUCCESS>	 Time [ms]:	   490	
2023-11-26 02:30:54,568	Batch Processor	INFO	[DEU_Flensburg-26_1_T-1        ]	<SUCCESS>	 Time [ms]:	 30771	
2023-11-26 02:30:54,568	Batch Processor	INFO	[DEU_Flensburg-27_1_T-1        ]	<TIMEOUT>	 Time [ms]:	 70000
2023-11-26 02:30:54,569	Batch Processor	INFO	[DEU_Flensburg-28_1_T-1        ]	<SUCCESS>	 Time [ms]:	   623	
2023-11-26 02:30:54,569	Batch Processor	INFO	[DEU_Flensburg-29_1_T-1        ]	<TIMEOUT>	 Time [ms]:	 70000
2023-11-26 02:30:54,570	Batch Processor	INFO	[DEU_Flensburg-2_1_T-1         ]	<SUCCESS>	 Time [ms]:	  3581	
2023-11-26 02:30:54,570	Batch Processor	INFO	[DEU_Flensburg-30_1_T-1        ]	<SUCCESS>	 Time [ms]:	  3310	
2023-11-26 02:30:54,571	Batch Processor	INFO	[DEU_Flensburg-31_1_T-1        ]	<SUCCESS>	 Time [ms]:	   536	
2023-11-26 02:30:54,572	Batch Processor	INFO	[DEU_Flensburg-32_1_T-1        ]	<SUCCESS>	 Time [ms]:	  4156	
2023-11-26 02:30:54,572	Batch Processor	INFO	[DEU_Flensburg-33_1_T-1        ]	<TIMEOUT>	 Time [ms]:	 70000
2023-11-26 02:30:54,573	Batch Processor	INFO	[DEU_Flensburg-34_1_T-1        ]	<SUCCESS>	 Time [ms]:	  1109	
2023-11-26 02:30:54,574	Batch Processor	INFO	[DEU_Flensburg-35_1_T-1        ]	<SUCCESS>	 Time [ms]:	   773	
2023-11-26 02:30:54,574	Batch Processor	INFO	[DEU_Flensburg-36_1_T-1        ]	<TIMEOUT>	 Time [ms]:	 70000
2023-11-26 02:30:54,574	Batch Processor	INFO	[DEU_Flensburg-37_1_T-1        ]	<TIMEOUT>	 Time [ms]:	 70000
2023-11-26 02:30:54,574	Batch Processor	INFO	[DEU_Flensburg-38_1_T-1        ]	<TIMEOUT>	 Time [ms]:	 70000
2023-11-26 02:30:54,575	Batch Processor	INFO	[DEU_Flensburg-39_1_T-1        ]	<SUCCESS>	 Time [ms]:	   867	
2023-11-26 02:30:54,575	Batch Processor	INFO	[DEU_Flensburg-40_1_T-1        ]	<TIMEOUT>	 Time [ms]:	 70000
2023-11-26 02:30:54,575	Batch Processor	INFO	[DEU_Flensburg-41_1_T-1        ]	<TIMEOUT>	 Time [ms]:	 70000
2023-11-26 02:30:54,576	Batch Processor	INFO	[DEU_Flensburg-42_1_T-1        ]	<TIMEOUT>	 Time [ms]:	 70000
2023-11-26 02:30:54,576	Batch Processor	INFO	[DEU_Flensburg-43_1_T-1        ]	<TIMEOUT>	 Time [ms]:	 70000
2023-11-26 02:30:54,576	Batch Processor	INFO	[DEU_Flensburg-44_1_T-1        ]	<TIMEOUT>	 Time [ms]:	 70000
2023-11-26 02:30:54,577	Batch Processor	INFO	[DEU_Flensburg-45_1_T-1        ]	<SUCCESS>	 Time [ms]:	 13167	
2023-11-26 02:30:54,577	Batch Processor	INFO	[DEU_Flensburg-46_1_T-1        ]	<SUCCESS>	 Time [ms]:	  3108	
2023-11-26 02:30:54,578	Batch Processor	INFO	[DEU_Flensburg-47_1_T-1        ]	<SUCCESS>	 Time [ms]:	 44003	
2023-11-26 02:30:54,578	Batch Processor	INFO	[DEU_Flensburg-48_1_T-1        ]	<TIMEOUT>	 Time [ms]:	 70000
2023-11-26 02:30:54,578	Batch Processor	INFO	[DEU_Flensburg-49_1_T-1        ]	<TIMEOUT>	 Time [ms]:	 70000
2023-11-26 02:30:54,579	Batch Processor	INFO	[DEU_Flensburg-50_1_T-1        ]	<TIMEOUT>	 Time [ms]:	 70000
2023-11-26 02:30:54,579	Batch Processor	INFO	[DEU_Flensburg-51_1_T-1        ]	<TIMEOUT>	 Time [ms]:	 70000
2023-11-26 02:30:54,580	Batch Processor	INFO	[DEU_Flensburg-52_1_T-1        ]	<SUCCESS>	 Time [ms]:	  7977	
2023-11-26 02:30:54,580	Batch Processor	INFO	[DEU_Flensburg-53_1_T-1        ]	<SUCCESS>	 Time [ms]:	   591	
2023-11-26 02:30:54,581	Batch Processor	INFO	[DEU_Flensburg-54_1_T-1        ]	<SUCCESS>	 Time [ms]:	  7915	
2023-11-26 02:30:54,582	Batch Processor	INFO	[DEU_Flensburg-55_1_T-1        ]	<SUCCESS>	 Time [ms]:	  3461	
2023-11-26 02:30:54,583	Batch Processor	INFO	[DEU_Flensburg-56_1_T-1        ]	<SUCCESS>	 Time [ms]:	  2003	
2023-11-26 02:30:54,583	Batch Processor	INFO	[DEU_Flensburg-57_1_T-1        ]	<TIMEOUT>	 Time [ms]:	 70000
2023-11-26 02:30:54,583	Batch Processor	INFO	[DEU_Flensburg-58_1_T-1        ]	<TIMEOUT>	 Time [ms]:	 70000
2023-11-26 02:30:54,584	Batch Processor	INFO	[DEU_Flensburg-59_1_T-1        ]	<SUCCESS>	 Time [ms]:	  2341	
2023-11-26 02:30:54,585	Batch Processor	INFO	[DEU_Flensburg-60_1_T-1        ]	<SUCCESS>	 Time [ms]:	  1396	
2023-11-26 02:30:54,586	Batch Processor	INFO	[DEU_Flensburg-61_1_T-1        ]	<SUCCESS>	 Time [ms]:	  5021	
2023-11-26 02:30:54,586	Batch Processor	INFO	[DEU_Flensburg-62_1_T-1        ]	<TIMEOUT>	 Time [ms]:	 70000
2023-11-26 02:30:54,587	Batch Processor	INFO	[DEU_Flensburg-63_1_T-1        ]	<SUCCESS>	 Time [ms]:	  9478	
2023-11-26 02:30:54,587	Batch Processor	INFO	[DEU_Flensburg-64_1_T-1        ]	<FAILURE>	 Time [ms]:	   233
2023-11-26 02:30:54,587	Batch Processor	INFO	[DEU_Flensburg-65_1_T-1        ]	<TIMEOUT>	 Time [ms]:	 70000
2023-11-26 02:30:54,587	Batch Processor	INFO	[DEU_Flensburg-66_1_T-1        ]	<TIMEOUT>	 Time [ms]:	 70000
2023-11-26 02:30:54,588	Batch Processor	INFO	[DEU_Flensburg-67_1_T-1        ]	<SUCCESS>	 Time [ms]:	 23169	
2023-11-26 02:30:54,589	Batch Processor	INFO	[DEU_Flensburg-68_1_T-1        ]	<SUCCESS>	 Time [ms]:	   536	
2023-11-26 02:30:54,590	Batch Processor	INFO	[DEU_Flensburg-69_1_T-1        ]	<SUCCESS>	 Time [ms]:	   876	
2023-11-26 02:30:54,590	Batch Processor	INFO	[DEU_Flensburg-70_1_T-1        ]	<SUCCESS>	 Time [ms]:	   486	
2023-11-26 02:30:54,591	Batch Processor	INFO	[DEU_Flensburg-71_1_T-1        ]	<SUCCESS>	 Time [ms]:	   344	
2023-11-26 02:30:54,592	Batch Processor	INFO	[DEU_Flensburg-72_1_T-1        ]	<SUCCESS>	 Time [ms]:	   756	
2023-11-26 02:30:54,593	Batch Processor	INFO	[DEU_Flensburg-73_1_T-1        ]	<SUCCESS>	 Time [ms]:	  5983	
2023-11-26 02:30:54,593	Batch Processor	INFO	[DEU_Flensburg-74_1_T-1        ]	<TIMEOUT>	 Time [ms]:	 70000
2023-11-26 02:30:54,593	Batch Processor	INFO	[DEU_Flensburg-75_1_T-1        ]	<TIMEOUT>	 Time [ms]:	 70000
2023-11-26 02:30:54,594	Batch Processor	INFO	[DEU_Flensburg-76_1_T-1        ]	<SUCCESS>	 Time [ms]:	  1584	
2023-11-26 02:30:54,594	Batch Processor	INFO	[DEU_Flensburg-77_1_T-1        ]	<TIMEOUT>	 Time [ms]:	 70000
2023-11-26 02:30:54,595	Batch Processor	INFO	[DEU_Flensburg-78_1_T-1        ]	<SUCCESS>	 Time [ms]:	   466	
2023-11-26 02:30:54,595	Batch Processor	INFO	[DEU_Flensburg-79_1_T-1        ]	<TIMEOUT>	 Time [ms]:	 70000
2023-11-26 02:30:54,596	Batch Processor	INFO	[DEU_Flensburg-80_1_T-1        ]	<SUCCESS>	 Time [ms]:	  2651	
2023-11-26 02:30:54,597	Batch Processor	INFO	[DEU_Flensburg-81_1_T-1        ]	<SUCCESS>	 Time [ms]:	 52054	
2023-11-26 02:30:54,598	Batch Processor	INFO	[DEU_Flensburg-82_1_T-1        ]	<SUCCESS>	 Time [ms]:	   424	
2023-11-26 02:30:54,598	Batch Processor	INFO	[DEU_Flensburg-83_1_T-1        ]	<TIMEOUT>	 Time [ms]:	 70000
2023-11-26 02:30:54,598	Batch Processor	INFO	[DEU_Flensburg-84_1_T-1        ]	<TIMEOUT>	 Time [ms]:	 70000
2023-11-26 02:30:54,598	Batch Processor	INFO	[DEU_Flensburg-85_1_T-1        ]	<TIMEOUT>	 Time [ms]:	 70000
2023-11-26 02:30:54,598	Batch Processor	INFO	[DEU_Flensburg-86_1_T-1        ]	<TIMEOUT>	 Time [ms]:	 70000
2023-11-26 02:30:54,599	Batch Processor	INFO	[DEU_Flensburg-87_1_T-1        ]	<SUCCESS>	 Time [ms]:	 13264	
2023-11-26 02:30:54,600	Batch Processor	INFO	[DEU_Flensburg-88_1_T-1        ]	<SUCCESS>	 Time [ms]:	  3664	
2023-11-26 02:30:54,601	Batch Processor	INFO	[DEU_Flensburg-89_1_T-1        ]	<SUCCESS>	 Time [ms]:	  4345	
2023-11-26 02:30:54,601	Batch Processor	INFO	[DEU_Flensburg-90_1_T-1        ]	<TIMEOUT>	 Time [ms]:	 70000
2023-11-26 02:30:54,602	Batch Processor	INFO	[DEU_Flensburg-91_1_T-1        ]	<SUCCESS>	 Time [ms]:	 28323	
2023-11-26 02:30:54,602	Batch Processor	INFO	[DEU_Flensburg-92_1_T-1        ]	<FAILURE>	 Time [ms]:	 29854
2023-11-26 02:30:54,603	Batch Processor	INFO	[DEU_Flensburg-93_1_T-1        ]	<SUCCESS>	 Time [ms]:	   670	
2023-11-26 02:30:54,603	Batch Processor	INFO	[DEU_Flensburg-94_1_T-1        ]	<SUCCESS>	 Time [ms]:	 47143	
2023-11-26 02:30:54,604	Batch Processor	INFO	[DEU_Flensburg-95_1_T-1        ]	<TIMEOUT>	 Time [ms]:	 70000
2023-11-26 02:30:54,604	Batch Processor	INFO	[DEU_Flensburg-96_1_T-1        ]	<SUCCESS>	 Time [ms]:	 26488	
2023-11-26 02:30:54,605	Batch Processor	INFO	[DEU_Flensburg-97_1_T-1        ]	<SUCCESS>	 Time [ms]:	  2337	
2023-11-26 02:30:54,605	Batch Processor	INFO	[DEU_Flensburg-98_1_T-1        ]	<TIMEOUT>	 Time [ms]:	 70000
2023-11-26 02:30:54,606	Batch Processor	INFO	[DEU_Flensburg-99_1_T-1        ]	<SUCCESS>	 Time [ms]:	   577	
2023-11-26 02:30:54,606	Batch Processor	INFO	[DEU_Guetersloh-10_4_T-1       ]	<FAILURE>	 Time [ms]:	   360
2023-11-26 02:30:54,607	Batch Processor	INFO	[DEU_Guetersloh-10_5_T-1       ]	<SUCCESS>	 Time [ms]:	   423	
2023-11-26 02:30:54,607	Batch Processor	INFO	[DEU_Guetersloh-11_3_T-1       ]	<SUCCESS>	 Time [ms]:	   329	
2023-11-26 02:30:54,608	Batch Processor	INFO	[DEU_Guetersloh-12_1_T-1       ]	<SUCCESS>	 Time [ms]:	   222	
2023-11-26 02:30:54,608	Batch Processor	INFO	[DEU_Guetersloh-14_2_T-1       ]	<SUCCESS>	 Time [ms]:	   200	
2023-11-26 02:30:54,608	Batch Processor	INFO	[DEU_Guetersloh-15_2_T-1       ]	<SUCCESS>	 Time [ms]:	   481	
2023-11-26 02:30:54,609	Batch Processor	INFO	[DEU_Guetersloh-16_2_T-1       ]	<SUCCESS>	 Time [ms]:	   333	
2023-11-26 02:30:54,609	Batch Processor	INFO	[DEU_Guetersloh-16_5_T-1       ]	<SUCCESS>	 Time [ms]:	   337	
2023-11-26 02:30:54,610	Batch Processor	INFO	[DEU_Guetersloh-17_2_T-1       ]	<SUCCESS>	 Time [ms]:	   268	
2023-11-26 02:30:54,610	Batch Processor	INFO	[DEU_Guetersloh-18_1_T-1       ]	<SUCCESS>	 Time [ms]:	   337	
2023-11-26 02:30:54,610	Batch Processor	INFO	[DEU_Guetersloh-19_1_T-1       ]	<SUCCESS>	 Time [ms]:	   345	
2023-11-26 02:30:54,611	Batch Processor	INFO	[DEU_Guetersloh-20_1_T-1       ]	<SUCCESS>	 Time [ms]:	   275	
2023-11-26 02:30:54,611	Batch Processor	INFO	[DEU_Guetersloh-20_3_T-1       ]	<SUCCESS>	 Time [ms]:	   221	
2023-11-26 02:30:54,612	Batch Processor	INFO	[DEU_Guetersloh-21_1_T-1       ]	<SUCCESS>	 Time [ms]:	  1049	
2023-11-26 02:30:54,612	Batch Processor	INFO	[DEU_Guetersloh-24_1_T-1       ]	<SUCCESS>	 Time [ms]:	   322	
2023-11-26 02:30:54,612	Batch Processor	INFO	[DEU_Guetersloh-24_2_T-1       ]	<SUCCESS>	 Time [ms]:	   312	
2023-11-26 02:30:54,613	Batch Processor	INFO	[DEU_Guetersloh-24_3_T-1       ]	<SUCCESS>	 Time [ms]:	   289	
2023-11-26 02:30:54,613	Batch Processor	INFO	[DEU_Guetersloh-25_2_T-1       ]	<SUCCESS>	 Time [ms]:	   373	
2023-11-26 02:30:54,613	Batch Processor	INFO	[DEU_Guetersloh-25_4_T-1       ]	<SUCCESS>	 Time [ms]:	   448	
2023-11-26 02:30:54,614	Batch Processor	INFO	[DEU_Guetersloh-27_1_T-1       ]	<SUCCESS>	 Time [ms]:	   248	
2023-11-26 02:30:54,614	Batch Processor	INFO	[DEU_Guetersloh-30_1_T-1       ]	<SUCCESS>	 Time [ms]:	   349	
2023-11-26 02:30:54,615	Batch Processor	INFO	[DEU_Guetersloh-31_4_T-1       ]	<SUCCESS>	 Time [ms]:	   291	
2023-11-26 02:30:54,615	Batch Processor	INFO	[DEU_Guetersloh-32_3_T-1       ]	<SUCCESS>	 Time [ms]:	   349	
2023-11-26 02:30:54,615	Batch Processor	INFO	[DEU_Guetersloh-33_1_T-1       ]	<SUCCESS>	 Time [ms]:	   374	
2023-11-26 02:30:54,616	Batch Processor	INFO	[DEU_Guetersloh-34_2_T-1       ]	<SUCCESS>	 Time [ms]:	   254	
2023-11-26 02:30:54,616	Batch Processor	INFO	[DEU_Guetersloh-36_1_T-1       ]	<SUCCESS>	 Time [ms]:	   330	
2023-11-26 02:30:54,617	Batch Processor	INFO	[DEU_Guetersloh-39_3_T-1       ]	<SUCCESS>	 Time [ms]:	   288	
2023-11-26 02:30:54,617	Batch Processor	INFO	[DEU_Guetersloh-39_5_T-1       ]	<SUCCESS>	 Time [ms]:	   272	
2023-11-26 02:30:54,618	Batch Processor	INFO	[DEU_Guetersloh-40_4_T-1       ]	<SUCCESS>	 Time [ms]:	   267	
2023-11-26 02:30:54,618	Batch Processor	INFO	[DEU_Guetersloh-40_5_T-1       ]	<SUCCESS>	 Time [ms]:	   252	
2023-11-26 02:30:54,619	Batch Processor	INFO	[DEU_Guetersloh-41_1_T-1       ]	<SUCCESS>	 Time [ms]:	   376	
2023-11-26 02:30:54,619	Batch Processor	INFO	[DEU_Guetersloh-42_1_T-1       ]	<SUCCESS>	 Time [ms]:	   333	
2023-11-26 02:30:54,619	Batch Processor	INFO	[DEU_Guetersloh-4_5_T-1        ]	<SUCCESS>	 Time [ms]:	   433	
2023-11-26 02:30:54,620	Batch Processor	INFO	[DEU_Guetersloh-50_1_T-1       ]	<SUCCESS>	 Time [ms]:	   201	
2023-11-26 02:30:54,620	Batch Processor	INFO	[DEU_Guetersloh-54_1_T-1       ]	<SUCCESS>	 Time [ms]:	   247	
2023-11-26 02:30:54,621	Batch Processor	INFO	[DEU_Guetersloh-55_1_T-1       ]	<SUCCESS>	 Time [ms]:	   250	
2023-11-26 02:30:54,621	Batch Processor	INFO	[DEU_Guetersloh-55_3_T-1       ]	<SUCCESS>	 Time [ms]:	   256	
2023-11-26 02:30:54,622	Batch Processor	INFO	[DEU_Guetersloh-65_2_T-1       ]	<SUCCESS>	 Time [ms]:	   179	
2023-11-26 02:30:54,622	Batch Processor	INFO	[DEU_Guetersloh-6_3_T-1        ]	<SUCCESS>	 Time [ms]:	   260	
2023-11-26 02:30:54,622	Batch Processor	INFO	[DEU_Guetersloh-7_2_T-1        ]	<SUCCESS>	 Time [ms]:	   443	
2023-11-26 02:30:54,623	Batch Processor	INFO	[DEU_Guetersloh-8_1_T-1        ]	<SUCCESS>	 Time [ms]:	   179	
2023-11-26 02:30:54,623	Batch Processor	INFO	[DEU_Hennigsdorf-11_1_T-1      ]	<SUCCESS>	 Time [ms]:	   276	
2023-11-26 02:30:54,624	Batch Processor	INFO	[DEU_Hennigsdorf-12_1_T-1      ]	<SUCCESS>	 Time [ms]:	   244	
2023-11-26 02:30:54,624	Batch Processor	INFO	[DEU_Hennigsdorf-13_2_T-1      ]	<SUCCESS>	 Time [ms]:	   285	
2023-11-26 02:30:54,625	Batch Processor	INFO	[DEU_Hennigsdorf-14_3_T-1      ]	<SUCCESS>	 Time [ms]:	   284	
2023-11-26 02:30:54,626	Batch Processor	INFO	[DEU_Hennigsdorf-15_3_T-1      ]	<SUCCESS>	 Time [ms]:	   754	
2023-11-26 02:30:54,628	Batch Processor	INFO	[DEU_Hennigsdorf-18_2_T-1      ]	<SUCCESS>	 Time [ms]:	   315	
2023-11-26 02:30:54,628	Batch Processor	INFO	[DEU_Hennigsdorf-3_2_T-1       ]	<SUCCESS>	 Time [ms]:	   366	
2023-11-26 02:30:54,629	Batch Processor	INFO	[DEU_Hennigsdorf-3_5_T-1       ]	<SUCCESS>	 Time [ms]:	   253	
2023-11-26 02:30:54,631	Batch Processor	INFO	[DEU_Hennigsdorf-5_1_T-1       ]	<SUCCESS>	 Time [ms]:	   241	
2023-11-26 02:30:54,632	Batch Processor	INFO	[DEU_Hennigsdorf-5_4_T-1       ]	<SUCCESS>	 Time [ms]:	   488	
2023-11-26 02:30:54,633	Batch Processor	INFO	[DEU_Hennigsdorf-7_3_T-1       ]	<SUCCESS>	 Time [ms]:	   387	
2023-11-26 02:30:54,634	Batch Processor	INFO	[DEU_Hennigsdorf-9_2_T-1       ]	<SUCCESS>	 Time [ms]:	   775	
2023-11-26 02:30:54,636	Batch Processor	INFO	[DEU_Ibbenbueren-10_2_T-1      ]	<SUCCESS>	 Time [ms]:	   311	
2023-11-26 02:30:54,638	Batch Processor	INFO	[DEU_Ibbenbueren-11_2_T-1      ]	<SUCCESS>	 Time [ms]:	   245	
2023-11-26 02:30:54,639	Batch Processor	INFO	[DEU_Ibbenbueren-12_1_T-1      ]	<SUCCESS>	 Time [ms]:	   371	
2023-11-26 02:30:54,641	Batch Processor	INFO	[DEU_Ibbenbueren-13_3_T-1      ]	<SUCCESS>	 Time [ms]:	   267	
2023-11-26 02:30:54,641	Batch Processor	INFO	[DEU_Ibbenbueren-14_1_T-1      ]	<SUCCESS>	 Time [ms]:	   217	
2023-11-26 02:30:54,642	Batch Processor	INFO	[DEU_Ibbenbueren-15_4_T-1      ]	<SUCCESS>	 Time [ms]:	   351	
2023-11-26 02:30:54,642	Batch Processor	INFO	[DEU_Ibbenbueren-16_3_T-1      ]	<SUCCESS>	 Time [ms]:	   330	
2023-11-26 02:30:54,643	Batch Processor	INFO	[DEU_Ibbenbueren-16_5_T-1      ]	<SUCCESS>	 Time [ms]:	   334	
2023-11-26 02:30:54,643	Batch Processor	INFO	[DEU_Ibbenbueren-2_2_T-1       ]	<SUCCESS>	 Time [ms]:	   296	
2023-11-26 02:30:54,644	Batch Processor	INFO	[DEU_Ibbenbueren-3_3_T-1       ]	<SUCCESS>	 Time [ms]:	   260	
2023-11-26 02:30:54,644	Batch Processor	INFO	[DEU_Ibbenbueren-4_2_T-1       ]	<SUCCESS>	 Time [ms]:	   530	
2023-11-26 02:30:54,645	Batch Processor	INFO	[DEU_Ibbenbueren-6_3_T-1       ]	<SUCCESS>	 Time [ms]:	   374	
2023-11-26 02:30:54,645	Batch Processor	INFO	[DEU_Ibbenbueren-6_4_T-1       ]	<SUCCESS>	 Time [ms]:	   298	
2023-11-26 02:30:54,646	Batch Processor	INFO	[DEU_Ibbenbueren-7_1_T-1       ]	<SUCCESS>	 Time [ms]:	   429	
2023-11-26 02:30:54,646	Batch Processor	INFO	[DEU_Ibbenbueren-9_1_T-1       ]	<SUCCESS>	 Time [ms]:	   312	
2023-11-26 02:30:54,646	Batch Processor	INFO	[DEU_Lohmar-10_1_T-1           ]	<TIMEOUT>	 Time [ms]:	 70000
2023-11-26 02:30:54,647	Batch Processor	INFO	[DEU_Lohmar-11_1_T-1           ]	<SUCCESS>	 Time [ms]:	 22472	
2023-11-26 02:30:54,648	Batch Processor	INFO	[DEU_Lohmar-12_1_T-1           ]	<SUCCESS>	 Time [ms]:	  1106	
2023-11-26 02:30:54,648	Batch Processor	INFO	[DEU_Lohmar-13_1_T-1           ]	<TIMEOUT>	 Time [ms]:	 70000
2023-11-26 02:30:54,649	Batch Processor	INFO	[DEU_Lohmar-14_1_T-1           ]	<SUCCESS>	 Time [ms]:	   728	
2023-11-26 02:30:54,650	Batch Processor	INFO	[DEU_Lohmar-15_1_T-1           ]	<SUCCESS>	 Time [ms]:	  3065	
2023-11-26 02:30:54,651	Batch Processor	INFO	[DEU_Lohmar-16_1_T-1           ]	<SUCCESS>	 Time [ms]:	  2646	
2023-11-26 02:30:54,652	Batch Processor	INFO	[DEU_Lohmar-17_1_T-1           ]	<SUCCESS>	 Time [ms]:	 20920	
2023-11-26 02:30:54,652	Batch Processor	INFO	[DEU_Lohmar-18_1_T-1           ]	<TIMEOUT>	 Time [ms]:	 70000
2023-11-26 02:30:54,653	Batch Processor	INFO	[DEU_Lohmar-19_1_T-1           ]	<FAILURE>	 Time [ms]:	   330
2023-11-26 02:30:54,653	Batch Processor	INFO	[DEU_Lohmar-20_1_T-1           ]	<TIMEOUT>	 Time [ms]:	 70000
2023-11-26 02:30:54,653	Batch Processor	INFO	[DEU_Lohmar-21_1_T-1           ]	<TIMEOUT>	 Time [ms]:	 70000
2023-11-26 02:30:54,654	Batch Processor	INFO	[DEU_Lohmar-22_1_T-1           ]	<SUCCESS>	 Time [ms]:	   885	
2023-11-26 02:30:54,655	Batch Processor	INFO	[DEU_Lohmar-23_1_T-1           ]	<SUCCESS>	 Time [ms]:	   585	
2023-11-26 02:30:54,656	Batch Processor	INFO	[DEU_Lohmar-24_1_T-1           ]	<SUCCESS>	 Time [ms]:	  1859	
2023-11-26 02:30:54,656	Batch Processor	INFO	[DEU_Lohmar-25_1_T-1           ]	<TIMEOUT>	 Time [ms]:	 70000
2023-11-26 02:30:54,656	Batch Processor	INFO	[DEU_Lohmar-26_1_T-1           ]	<TIMEOUT>	 Time [ms]:	 70000
2023-11-26 02:30:54,656	Batch Processor	INFO	[DEU_Lohmar-27_1_T-1           ]	<TIMEOUT>	 Time [ms]:	 70000
2023-11-26 02:30:54,656	Batch Processor	INFO	[DEU_Lohmar-28_1_T-1           ]	<FAILURE>	 Time [ms]:	  1774
2023-11-26 02:30:54,656	Batch Processor	INFO	[DEU_Lohmar-29_1_T-1           ]	<TIMEOUT>	 Time [ms]:	 70000
2023-11-26 02:30:54,657	Batch Processor	INFO	[DEU_Lohmar-30_1_T-1           ]	<TIMEOUT>	 Time [ms]:	 70000
2023-11-26 02:30:54,657	Batch Processor	INFO	[DEU_Lohmar-31_1_T-1           ]	<TIMEOUT>	 Time [ms]:	 70000
2023-11-26 02:30:54,658	Batch Processor	INFO	[DEU_Lohmar-32_1_T-1           ]	<SUCCESS>	 Time [ms]:	   398	
2023-11-26 02:30:54,659	Batch Processor	INFO	[DEU_Lohmar-33_1_T-1           ]	<SUCCESS>	 Time [ms]:	 60128	
2023-11-26 02:30:54,661	Batch Processor	INFO	[DEU_Lohmar-34_1_T-1           ]	<SUCCESS>	 Time [ms]:	   434	
2023-11-26 02:30:54,661	Batch Processor	INFO	[DEU_Lohmar-35_1_T-1           ]	<TIMEOUT>	 Time [ms]:	 70000
2023-11-26 02:30:54,662	Batch Processor	INFO	[DEU_Lohmar-36_1_T-1           ]	<TIMEOUT>	 Time [ms]:	 70000
2023-11-26 02:30:54,662	Batch Processor	INFO	[DEU_Lohmar-37_1_T-1           ]	<TIMEOUT>	 Time [ms]:	 70000
2023-11-26 02:30:54,662	Batch Processor	INFO	[DEU_Lohmar-38_1_T-1           ]	<TIMEOUT>	 Time [ms]:	 70000
2023-11-26 02:30:54,665	Batch Processor	INFO	[DEU_Lohmar-39_1_T-1           ]	<SUCCESS>	 Time [ms]:	 15750	
2023-11-26 02:30:54,667	Batch Processor	INFO	[DEU_Lohmar-40_1_T-1           ]	<SUCCESS>	 Time [ms]:	 10351	
2023-11-26 02:30:54,668	Batch Processor	INFO	[DEU_Lohmar-41_1_T-1           ]	<TIMEOUT>	 Time [ms]:	 70000
2023-11-26 02:30:54,668	Batch Processor	INFO	[DEU_Lohmar-42_1_T-1           ]	<TIMEOUT>	 Time [ms]:	 70000
2023-11-26 02:30:54,668	Batch Processor	INFO	[DEU_Lohmar-43_1_T-1           ]	<TIMEOUT>	 Time [ms]:	 70000
2023-11-26 02:30:54,668	Batch Processor	INFO	[DEU_Lohmar-44_1_T-1           ]	<TIMEOUT>	 Time [ms]:	 70000
2023-11-26 02:30:54,668	Batch Processor	INFO	[DEU_Lohmar-45_1_T-1           ]	<TIMEOUT>	 Time [ms]:	 70000
2023-11-26 02:30:54,669	Batch Processor	INFO	[DEU_Lohmar-46_1_T-1           ]	<SUCCESS>	 Time [ms]:	  1850	
2023-11-26 02:30:54,670	Batch Processor	INFO	[DEU_Lohmar-47_1_T-1           ]	<SUCCESS>	 Time [ms]:	   456	
2023-11-26 02:30:54,670	Batch Processor	INFO	[DEU_Lohmar-48_1_T-1           ]	<TIMEOUT>	 Time [ms]:	 70000
2023-11-26 02:30:54,671	Batch Processor	INFO	[DEU_Lohmar-49_1_T-1           ]	<SUCCESS>	 Time [ms]:	  1348	
2023-11-26 02:30:54,672	Batch Processor	INFO	[DEU_Lohmar-50_1_T-1           ]	<SUCCESS>	 Time [ms]:	   490	
2023-11-26 02:30:54,672	Batch Processor	INFO	[DEU_Lohmar-51_1_T-1           ]	<TIMEOUT>	 Time [ms]:	 70000
2023-11-26 02:30:54,673	Batch Processor	INFO	[DEU_Lohmar-52_1_T-1           ]	<SUCCESS>	 Time [ms]:	  2432	
2023-11-26 02:30:54,674	Batch Processor	INFO	[DEU_Lohmar-53_1_T-1           ]	<SUCCESS>	 Time [ms]:	   609	
2023-11-26 02:30:54,675	Batch Processor	INFO	[DEU_Lohmar-54_1_T-1           ]	<SUCCESS>	 Time [ms]:	  2231	
2023-11-26 02:30:54,675	Batch Processor	INFO	[DEU_Lohmar-55_1_T-1           ]	<TIMEOUT>	 Time [ms]:	 70000
2023-11-26 02:30:54,675	Batch Processor	INFO	[DEU_Lohmar-56_1_T-1           ]	<TIMEOUT>	 Time [ms]:	 70000
2023-11-26 02:30:54,676	Batch Processor	INFO	[DEU_Lohmar-57_1_T-1           ]	<SUCCESS>	 Time [ms]:	   391	
2023-11-26 02:30:54,676	Batch Processor	INFO	[DEU_Lohmar-58_1_T-1           ]	<TIMEOUT>	 Time [ms]:	 70000
2023-11-26 02:30:54,677	Batch Processor	INFO	[DEU_Lohmar-59_1_T-1           ]	<TIMEOUT>	 Time [ms]:	 70000
2023-11-26 02:30:54,677	Batch Processor	INFO	[DEU_Lohmar-60_1_T-1           ]	<TIMEOUT>	 Time [ms]:	 70000
2023-11-26 02:30:54,677	Batch Processor	INFO	[DEU_Lohmar-61_1_T-1           ]	<TIMEOUT>	 Time [ms]:	 70000
2023-11-26 02:30:54,677	Batch Processor	INFO	[DEU_Lohmar-62_1_T-1           ]	<TIMEOUT>	 Time [ms]:	 70000
2023-11-26 02:30:54,678	Batch Processor	INFO	[DEU_Lohmar-63_1_T-1           ]	<SUCCESS>	 Time [ms]:	   679	
2023-11-26 02:30:54,678	Batch Processor	INFO	[DEU_Lohmar-64_1_T-1           ]	<TIMEOUT>	 Time [ms]:	 70000
2023-11-26 02:30:54,678	Batch Processor	INFO	[DEU_Lohmar-65_1_T-1           ]	<TIMEOUT>	 Time [ms]:	 70000
2023-11-26 02:30:54,678	Batch Processor	INFO	[DEU_Lohmar-66_1_T-1           ]	<TIMEOUT>	 Time [ms]:	 70000
2023-11-26 02:30:54,679	Batch Processor	INFO	[DEU_Lohmar-67_1_T-1           ]	<SUCCESS>	 Time [ms]:	   679	
2023-11-26 02:30:54,680	Batch Processor	INFO	[DEU_Lohmar-68_1_T-1           ]	<SUCCESS>	 Time [ms]:	  9893	
2023-11-26 02:30:54,681	Batch Processor	INFO	[DEU_Lohmar-69_1_T-1           ]	<TIMEOUT>	 Time [ms]:	 70000
2023-11-26 02:30:54,681	Batch Processor	INFO	[DEU_Lohmar-70_1_T-1           ]	<TIMEOUT>	 Time [ms]:	 70000
2023-11-26 02:30:54,681	Batch Processor	INFO	[DEU_Lohmar-8_1_T-1            ]	<TIMEOUT>	 Time [ms]:	 70000
2023-11-26 02:30:54,682	Batch Processor	INFO	[DEU_Lohmar-9_1_T-1            ]	<SUCCESS>	 Time [ms]:	   668	
2023-11-26 02:30:54,682	Batch Processor	INFO	[DEU_Luckenwalde-1_1_T-1       ]	<TIMEOUT>	 Time [ms]:	 70000
2023-11-26 02:30:54,682	Batch Processor	INFO	[DEU_Meckenheim-1_4_T-1        ]	<SUCCESS>	 Time [ms]:	   238	
2023-11-26 02:30:54,683	Batch Processor	INFO	[DEU_Meckenheim-3_1_T-1        ]	<SUCCESS>	 Time [ms]:	   263	
2023-11-26 02:30:54,683	Batch Processor	INFO	[DEU_Meckenheim-5_1_T-1        ]	<SUCCESS>	 Time [ms]:	   221	
2023-11-26 02:30:54,684	Batch Processor	INFO	[DEU_Meckenheim-8_3_T-1        ]	<SUCCESS>	 Time [ms]:	   432	
2023-11-26 02:30:54,685	Batch Processor	INFO	[DEU_Meckenheim-8_5_T-1        ]	<SUCCESS>	 Time [ms]:	   431	
2023-11-26 02:30:54,685	Batch Processor	INFO	[DEU_Moabit-1_2_T-1            ]	<SUCCESS>	 Time [ms]:	   312	
2023-11-26 02:30:54,686	Batch Processor	INFO	[DEU_Moabit-4_1_T-1            ]	<SUCCESS>	 Time [ms]:	   217	
2023-11-26 02:30:54,686	Batch Processor	INFO	[DEU_Moabit-5_2_T-1            ]	<SUCCESS>	 Time [ms]:	   276	
2023-11-26 02:30:54,687	Batch Processor	INFO	[DEU_Moabit-6_2_T-1            ]	<SUCCESS>	 Time [ms]:	   280	
2023-11-26 02:30:54,687	Batch Processor	INFO	[DEU_Moelln-10_3_T-1           ]	<SUCCESS>	 Time [ms]:	   195	
2023-11-26 02:30:54,688	Batch Processor	INFO	[DEU_Moelln-11_1_T-1           ]	<SUCCESS>	 Time [ms]:	   239	
2023-11-26 02:30:54,688	Batch Processor	INFO	[DEU_Moelln-12_1_T-1           ]	<SUCCESS>	 Time [ms]:	   237	
2023-11-26 02:30:54,689	Batch Processor	INFO	[DEU_Moelln-2_1_T-1            ]	<SUCCESS>	 Time [ms]:	   854	
2023-11-26 02:30:54,689	Batch Processor	INFO	[DEU_Moelln-4_3_T-1            ]	<SUCCESS>	 Time [ms]:	   425	
2023-11-26 02:30:54,690	Batch Processor	INFO	[DEU_Moelln-6_1_T-1            ]	<SUCCESS>	 Time [ms]:	   237	
2023-11-26 02:30:54,690	Batch Processor	INFO	[DEU_Moelln-7_1_T-1            ]	<SUCCESS>	 Time [ms]:	   177	
2023-11-26 02:30:54,690	Batch Processor	INFO	[DEU_Moelln-9_1_T-1            ]	<SUCCESS>	 Time [ms]:	   410	
2023-11-26 02:30:54,691	Batch Processor	INFO	[DEU_Muehlhausen-11_1_T-1      ]	<SUCCESS>	 Time [ms]:	   313	
2023-11-26 02:30:54,691	Batch Processor	INFO	[DEU_Muehlhausen-14_3_T-1      ]	<SUCCESS>	 Time [ms]:	   299	
2023-11-26 02:30:54,692	Batch Processor	INFO	[DEU_Muehlhausen-1_2_T-1       ]	<SUCCESS>	 Time [ms]:	   519	
2023-11-26 02:30:54,692	Batch Processor	INFO	[DEU_Muehlhausen-1_3_T-1       ]	<SUCCESS>	 Time [ms]:	   269	
2023-11-26 02:30:54,693	Batch Processor	INFO	[DEU_Muehlhausen-2_1_T-1       ]	<SUCCESS>	 Time [ms]:	   765	
2023-11-26 02:30:54,693	Batch Processor	INFO	[DEU_Muehlhausen-4_1_T-1       ]	<SUCCESS>	 Time [ms]:	   487	
2023-11-26 02:30:54,694	Batch Processor	INFO	[DEU_Muehlhausen-5_1_T-1       ]	<SUCCESS>	 Time [ms]:	   324	
2023-11-26 02:30:54,694	Batch Processor	INFO	[DEU_Muehlhausen-6_1_T-1       ]	<SUCCESS>	 Time [ms]:	   269	
2023-11-26 02:30:54,695	Batch Processor	INFO	[DEU_Muehlhausen-7_2_T-1       ]	<SUCCESS>	 Time [ms]:	   367	
2023-11-26 02:30:54,695	Batch Processor	INFO	[DEU_Reutlingen-1_1_T-1        ]	<TIMEOUT>	 Time [ms]:	 70000
2023-11-26 02:30:54,696	Batch Processor	INFO	[DEU_Reutlingen-2_1_T-1        ]	<SUCCESS>	 Time [ms]:	   933	
2023-11-26 02:30:54,696	Batch Processor	INFO	[DEU_Reutlingen-3_1_T-1        ]	<TIMEOUT>	 Time [ms]:	 70000
2023-11-26 02:30:54,697	Batch Processor	INFO	[DEU_Reutlingen-4_1_T-1        ]	<SUCCESS>	 Time [ms]:	   521	
2023-11-26 02:30:54,697	Batch Processor	INFO	[DEU_Reutlingen-5_1_T-1        ]	<TIMEOUT>	 Time [ms]:	 70000
2023-11-26 02:30:54,697	Batch Processor	INFO	[DEU_Reutlingen-6_1_T-1        ]	<TIMEOUT>	 Time [ms]:	 70000
2023-11-26 02:30:54,697	Batch Processor	INFO	[DEU_Rheinbach-1_4_T-1         ]	<SUCCESS>	 Time [ms]:	   462	
2023-11-26 02:30:54,698	Batch Processor	INFO	[DEU_Rheinbach-5_3_T-1         ]	<SUCCESS>	 Time [ms]:	   513	
2023-11-26 02:30:54,698	Batch Processor	INFO	[DEU_Speyer-2_1_T-1            ]	<FAILURE>	 Time [ms]:	   192
2023-11-26 02:30:54,698	Batch Processor	INFO	[DEU_Speyer-2_4_T-1            ]	<SUCCESS>	 Time [ms]:	   202	
2023-11-26 02:30:54,699	Batch Processor	INFO	[DEU_Speyer-5_2_T-1            ]	<SUCCESS>	 Time [ms]:	   310	
2023-11-26 02:30:54,699	Batch Processor	INFO	[ESP_Almansa-1_1_T-1           ]	<SUCCESS>	 Time [ms]:	   322	
2023-11-26 02:30:54,700	Batch Processor	INFO	[ESP_Almansa-2_1_T-1           ]	<SUCCESS>	 Time [ms]:	  1250	
2023-11-26 02:30:54,700	Batch Processor	INFO	[ESP_Almansa-6_1_T-1           ]	<SUCCESS>	 Time [ms]:	   707	
2023-11-26 02:30:54,700	Batch Processor	INFO	[ESP_Berga-10_1_T-1            ]	<SUCCESS>	 Time [ms]:	   375	
2023-11-26 02:30:54,701	Batch Processor	INFO	[ESP_Berga-4_4_T-1             ]	<SUCCESS>	 Time [ms]:	   305	
2023-11-26 02:30:54,701	Batch Processor	INFO	[ESP_Berga-6_1_T-1             ]	<SUCCESS>	 Time [ms]:	  1002	
2023-11-26 02:30:54,702	Batch Processor	INFO	[ESP_Berga-9_1_T-1             ]	<SUCCESS>	 Time [ms]:	   390	
2023-11-26 02:30:54,702	Batch Processor	INFO	[ESP_Cambre-1_1_T-1            ]	<SUCCESS>	 Time [ms]:	   256	
2023-11-26 02:30:54,703	Batch Processor	INFO	[ESP_Cambre-2_1_T-1            ]	<SUCCESS>	 Time [ms]:	   366	
2023-11-26 02:30:54,703	Batch Processor	INFO	[ESP_Cambre-3_1_T-1            ]	<SUCCESS>	 Time [ms]:	   302	
2023-11-26 02:30:54,704	Batch Processor	INFO	[ESP_Ceuta-10_1_T-1            ]	<SUCCESS>	 Time [ms]:	   487	
2023-11-26 02:30:54,704	Batch Processor	INFO	[ESP_Ceuta-11_1_T-1            ]	<FAILURE>	 Time [ms]:	   497
2023-11-26 02:30:54,704	Batch Processor	INFO	[ESP_Ceuta-15_2_T-1            ]	<SUCCESS>	 Time [ms]:	   389	
2023-11-26 02:30:54,705	Batch Processor	INFO	[ESP_Ceuta-1_2_T-1             ]	<SUCCESS>	 Time [ms]:	   381	
2023-11-26 02:30:54,705	Batch Processor	INFO	[ESP_Ceuta-2_1_T-1             ]	<SUCCESS>	 Time [ms]:	   888	
2023-11-26 02:30:54,706	Batch Processor	INFO	[ESP_Ceuta-3_2_T-1             ]	<SUCCESS>	 Time [ms]:	   444	
2023-11-26 02:30:54,706	Batch Processor	INFO	[ESP_Ceuta-4_1_T-1             ]	<SUCCESS>	 Time [ms]:	   460	
2023-11-26 02:30:54,706	Batch Processor	INFO	[ESP_Ceuta-5_1_T-1             ]	<FAILURE>	 Time [ms]:	   320
2023-11-26 02:30:54,707	Batch Processor	INFO	[ESP_Ceuta-7_1_T-1             ]	<SUCCESS>	 Time [ms]:	   148	
2023-11-26 02:30:54,707	Batch Processor	INFO	[ESP_Ceuta-8_1_T-1             ]	<SUCCESS>	 Time [ms]:	   447	
2023-11-26 02:30:54,707	Batch Processor	INFO	[ESP_Inca-3_2_T-1              ]	<FAILURE>	 Time [ms]:	   292
2023-11-26 02:30:54,708	Batch Processor	INFO	[ESP_Inca-7_1_T-1              ]	<SUCCESS>	 Time [ms]:	   706	
2023-11-26 02:30:54,708	Batch Processor	INFO	[ESP_Monzon-2_1_T-1            ]	<SUCCESS>	 Time [ms]:	   343	
2023-11-26 02:30:54,709	Batch Processor	INFO	[ESP_Monzon-3_1_T-1            ]	<SUCCESS>	 Time [ms]:	   430	
2023-11-26 02:30:54,711	Batch Processor	INFO	[ESP_Monzon-5_1_T-1            ]	<SUCCESS>	 Time [ms]:	   336	
2023-11-26 02:30:54,713	Batch Processor	INFO	[ESP_Monzon-6_1_T-1            ]	<SUCCESS>	 Time [ms]:	   670	
2023-11-26 02:30:54,714	Batch Processor	INFO	[ESP_Monzon-7_2_T-1            ]	<SUCCESS>	 Time [ms]:	   505	
2023-11-26 02:30:54,716	Batch Processor	INFO	[ESP_Monzon-7_3_T-1            ]	<SUCCESS>	 Time [ms]:	   483	
2023-11-26 02:30:54,718	Batch Processor	INFO	[ESP_Monzon-9_1_T-1            ]	<SUCCESS>	 Time [ms]:	   993	
2023-11-26 02:30:54,718	Batch Processor	INFO	[ESP_PriegodeCordoba-2_3_T-1   ]	<SUCCESS>	 Time [ms]:	   476	
2023-11-26 02:30:54,719	Batch Processor	INFO	[ESP_PriegodeCordoba-3_1_T-1   ]	<SUCCESS>	 Time [ms]:	   577	
2023-11-26 02:30:54,719	Batch Processor	INFO	[ESP_PriegodeCordoba-6_1_T-1   ]	<SUCCESS>	 Time [ms]:	   707	
2023-11-26 02:30:54,720	Batch Processor	INFO	[ESP_Requena-6_2_T-1           ]	<SUCCESS>	 Time [ms]:	   686	
2023-11-26 02:30:54,720	Batch Processor	INFO	[ESP_SantBoideLlobregat-14_1_T-1]	<SUCCESS>	 Time [ms]:	   292	
2023-11-26 02:30:54,721	Batch Processor	INFO	[ESP_SantBoideLlobregat-14_4_T-1]	<SUCCESS>	 Time [ms]:	   305	
2023-11-26 02:30:54,721	Batch Processor	INFO	[ESP_SantBoideLlobregat-18_2_T-1]	<SUCCESS>	 Time [ms]:	   106	
2023-11-26 02:30:54,722	Batch Processor	INFO	[ESP_SantBoideLlobregat-19_1_T-1]	<SUCCESS>	 Time [ms]:	   865	
2023-11-26 02:30:54,722	Batch Processor	INFO	[ESP_SantBoideLlobregat-22_3_T-1]	<FAILURE>	 Time [ms]:	   124
2023-11-26 02:30:54,722	Batch Processor	INFO	[ESP_SantBoideLlobregat-23_2_T-1]	<SUCCESS>	 Time [ms]:	   364	
2023-11-26 02:30:54,723	Batch Processor	INFO	[ESP_SantBoideLlobregat-24_1_T-1]	<SUCCESS>	 Time [ms]:	   233	
2023-11-26 02:30:54,723	Batch Processor	INFO	[ESP_SantBoideLlobregat-3_1_T-1]	<SUCCESS>	 Time [ms]:	   267	
2023-11-26 02:30:54,723	Batch Processor	INFO	[ESP_SantBoideLlobregat-4_1_T-1]	<FAILURE>	 Time [ms]:	   204
2023-11-26 02:30:54,724	Batch Processor	INFO	[ESP_SantBoideLlobregat-6_2_T-1]	<SUCCESS>	 Time [ms]:	   787	
2023-11-26 02:30:54,724	Batch Processor	INFO	[ESP_SantBoideLlobregat-8_1_T-1]	<SUCCESS>	 Time [ms]:	   509	
2023-11-26 02:30:54,725	Batch Processor	INFO	[ESP_SantBoideLlobregat-8_5_T-1]	<SUCCESS>	 Time [ms]:	   493	
2023-11-26 02:30:54,725	Batch Processor	INFO	[ESP_Toledo-10_1_T-1           ]	<SUCCESS>	 Time [ms]:	   505	
2023-11-26 02:30:54,726	Batch Processor	INFO	[ESP_Toledo-10_2_T-1           ]	<SUCCESS>	 Time [ms]:	   469	
2023-11-26 02:30:54,726	Batch Processor	INFO	[ESP_Toledo-11_1_T-1           ]	<SUCCESS>	 Time [ms]:	   219	
2023-11-26 02:30:54,727	Batch Processor	INFO	[ESP_Toledo-11_5_T-1           ]	<SUCCESS>	 Time [ms]:	   212	
2023-11-26 02:30:54,727	Batch Processor	INFO	[ESP_Toledo-22_1_T-1           ]	<SUCCESS>	 Time [ms]:	   321	
2023-11-26 02:30:54,728	Batch Processor	INFO	[ESP_Toledo-23_1_T-1           ]	<SUCCESS>	 Time [ms]:	   118	
2023-11-26 02:30:54,728	Batch Processor	INFO	[ESP_Toledo-5_1_T-1            ]	<SUCCESS>	 Time [ms]:	   244	
2023-11-26 02:30:54,728	Batch Processor	INFO	[ESP_Toledo-6_2_T-1            ]	<SUCCESS>	 Time [ms]:	   449	
2023-11-26 02:30:54,729	Batch Processor	INFO	[ESP_Toledo-8_1_T-1            ]	<SUCCESS>	 Time [ms]:	   608	
2023-11-26 02:30:54,730	Batch Processor	INFO	[ESP_Toledo-9_1_T-1            ]	<SUCCESS>	 Time [ms]:	   350	
2023-11-26 02:30:54,730	Batch Processor	INFO	[FRA_Anglet-1_2_T-1            ]	<SUCCESS>	 Time [ms]:	   278	
2023-11-26 02:30:54,730	Batch Processor	INFO	[FRA_Anglet-2_1_T-1            ]	<FAILURE>	 Time [ms]:	   388
2023-11-26 02:30:54,731	Batch Processor	INFO	[FRA_Anglet-3_2_T-1            ]	<SUCCESS>	 Time [ms]:	   592	
2023-11-26 02:30:54,731	Batch Processor	INFO	[FRA_Miramas-1_1_T-1           ]	<SUCCESS>	 Time [ms]:	   408	
2023-11-26 02:30:54,732	Batch Processor	INFO	[FRA_Miramas-2_1_T-1           ]	<SUCCESS>	 Time [ms]:	   440	
2023-11-26 02:30:54,732	Batch Processor	INFO	[FRA_Miramas-3_1_T-1           ]	<SUCCESS>	 Time [ms]:	   394	
2023-11-26 02:30:54,733	Batch Processor	INFO	[FRA_Miramas-5_1_T-1           ]	<SUCCESS>	 Time [ms]:	   635	
2023-11-26 02:30:54,733	Batch Processor	INFO	[FRA_Miramas-9_1_T-1           ]	<SUCCESS>	 Time [ms]:	   313	
2023-11-26 02:30:54,734	Batch Processor	INFO	[FRA_MoissyCramayel-1_1_T-1    ]	<SUCCESS>	 Time [ms]:	   831	
2023-11-26 02:30:54,734	Batch Processor	INFO	[FRA_MoissyCramayel-2_1_T-1    ]	<SUCCESS>	 Time [ms]:	   462	
2023-11-26 02:30:54,734	Batch Processor	INFO	[FRA_MoissyCramayel-4_1_T-1    ]	<SUCCESS>	 Time [ms]:	   438	
2023-11-26 02:30:54,735	Batch Processor	INFO	[FRA_Sete-1_1_T-1              ]	<SUCCESS>	 Time [ms]:	   606	
2023-11-26 02:30:54,735	Batch Processor	INFO	[GRC_Perama-1_1_T-1            ]	<FAILURE>	 Time [ms]:	   468
2023-11-26 02:30:54,735	Batch Processor	INFO	[GRC_Perama-2_1_T-1            ]	<SUCCESS>	 Time [ms]:	   255	
2023-11-26 02:30:54,736	Batch Processor	INFO	[GRC_Perama-3_2_T-1            ]	<SUCCESS>	 Time [ms]:	   289	
2023-11-26 02:30:54,736	Batch Processor	INFO	[GRC_Perama-4_3_T-1            ]	<SUCCESS>	 Time [ms]:	   511	
2023-11-26 02:30:54,737	Batch Processor	INFO	[GRC_Perama-7_1_T-1            ]	<SUCCESS>	 Time [ms]:	   453	
2023-11-26 02:30:54,737	Batch Processor	INFO	[HRV_Pula-10_1_T-1             ]	<SUCCESS>	 Time [ms]:	   494	
2023-11-26 02:30:54,738	Batch Processor	INFO	[HRV_Pula-12_3_T-1             ]	<SUCCESS>	 Time [ms]:	   332	
2023-11-26 02:30:54,738	Batch Processor	INFO	[HRV_Pula-13_2_T-1             ]	<SUCCESS>	 Time [ms]:	   323	
2023-11-26 02:30:54,739	Batch Processor	INFO	[HRV_Pula-15_1_T-1             ]	<SUCCESS>	 Time [ms]:	   327	
2023-11-26 02:30:54,741	Batch Processor	INFO	[HRV_Pula-18_1_T-1             ]	<SUCCESS>	 Time [ms]:	   412	
2023-11-26 02:30:54,742	Batch Processor	INFO	[HRV_Pula-19_2_T-1             ]	<SUCCESS>	 Time [ms]:	   269	
2023-11-26 02:30:54,744	Batch Processor	INFO	[HRV_Pula-21_1_T-1             ]	<SUCCESS>	 Time [ms]:	   476	
2023-11-26 02:30:54,744	Batch Processor	INFO	[HRV_Pula-22_1_T-1             ]	<SUCCESS>	 Time [ms]:	   645	
2023-11-26 02:30:54,745	Batch Processor	INFO	[HRV_Pula-23_1_T-1             ]	<SUCCESS>	 Time [ms]:	   337	
2023-11-26 02:30:54,745	Batch Processor	INFO	[HRV_Pula-24_1_T-1             ]	<SUCCESS>	 Time [ms]:	   370	
2023-11-26 02:30:54,746	Batch Processor	INFO	[HRV_Pula-25_1_T-1             ]	<SUCCESS>	 Time [ms]:	   303	
2023-11-26 02:30:54,746	Batch Processor	INFO	[HRV_Pula-27_2_T-1             ]	<SUCCESS>	 Time [ms]:	   450	
2023-11-26 02:30:54,747	Batch Processor	INFO	[HRV_Pula-29_3_T-1             ]	<SUCCESS>	 Time [ms]:	   402	
2023-11-26 02:30:54,747	Batch Processor	INFO	[HRV_Pula-31_1_T-1             ]	<SUCCESS>	 Time [ms]:	   437	
2023-11-26 02:30:54,748	Batch Processor	INFO	[HRV_Pula-32_2_T-1             ]	<SUCCESS>	 Time [ms]:	   745	
2023-11-26 02:30:54,748	Batch Processor	INFO	[HRV_Pula-33_2_T-1             ]	<SUCCESS>	 Time [ms]:	   477	
2023-11-26 02:30:54,748	Batch Processor	INFO	[HRV_Pula-5_2_T-1              ]	<SUCCESS>	 Time [ms]:	  1164	
2023-11-26 02:30:54,749	Batch Processor	INFO	[HRV_Pula-5_3_T-1              ]	<SUCCESS>	 Time [ms]:	   873	
2023-11-26 02:30:54,749	Batch Processor	INFO	[HRV_Pula-6_2_T-1              ]	<SUCCESS>	 Time [ms]:	   354	
2023-11-26 02:30:54,750	Batch Processor	INFO	[HRV_Pula-7_2_T-1              ]	<SUCCESS>	 Time [ms]:	   817	
2023-11-26 02:30:54,750	Batch Processor	INFO	[HRV_Pula-8_3_T-1              ]	<SUCCESS>	 Time [ms]:	   488	
2023-11-26 02:30:54,751	Batch Processor	INFO	[HRV_Pula-9_2_T-1              ]	<SUCCESS>	 Time [ms]:	   219	
2023-11-26 02:30:54,751	Batch Processor	INFO	[HRV_Pula-9_4_T-1              ]	<SUCCESS>	 Time [ms]:	   276	
2023-11-26 02:30:54,752	Batch Processor	INFO	[ITA_CarpiCentro-1_3_T-1       ]	<SUCCESS>	 Time [ms]:	   412	
2023-11-26 02:30:54,752	Batch Processor	INFO	[ITA_CarpiCentro-2_4_T-1       ]	<SUCCESS>	 Time [ms]:	   865	
2023-11-26 02:30:54,753	Batch Processor	INFO	[ITA_CarpiCentro-3_1_T-1       ]	<SUCCESS>	 Time [ms]:	   624	
2023-11-26 02:30:54,753	Batch Processor	INFO	[ITA_CarpiCentro-5_1_T-1       ]	<SUCCESS>	 Time [ms]:	   382	
2023-11-26 02:30:54,754	Batch Processor	INFO	[ITA_CarpiCentro-6_2_T-1       ]	<SUCCESS>	 Time [ms]:	   568	
2023-11-26 02:30:54,754	Batch Processor	INFO	[ITA_CarpiCentro-7_1_T-1       ]	<SUCCESS>	 Time [ms]:	   774	
2023-11-26 02:30:54,755	Batch Processor	INFO	[ITA_CarpiCentro-8_3_T-1       ]	<SUCCESS>	 Time [ms]:	   223	
2023-11-26 02:30:54,755	Batch Processor	INFO	[ITA_Empoli-10_1_T-1           ]	<SUCCESS>	 Time [ms]:	   416	
2023-11-26 02:30:54,756	Batch Processor	INFO	[ITA_Empoli-18_1_T-1           ]	<SUCCESS>	 Time [ms]:	   318	
2023-11-26 02:30:54,756	Batch Processor	INFO	[ITA_Empoli-2_4_T-1            ]	<SUCCESS>	 Time [ms]:	   573	
2023-11-26 02:30:54,756	Batch Processor	INFO	[ITA_Empoli-2_5_T-1            ]	<SUCCESS>	 Time [ms]:	   300	
2023-11-26 02:30:54,757	Batch Processor	INFO	[ITA_Empoli-3_1_T-1            ]	<SUCCESS>	 Time [ms]:	   223	
2023-11-26 02:30:54,757	Batch Processor	INFO	[ITA_Empoli-4_2_T-1            ]	<SUCCESS>	 Time [ms]:	   481	
2023-11-26 02:30:54,758	Batch Processor	INFO	[ITA_Empoli-7_3_T-1            ]	<SUCCESS>	 Time [ms]:	   309	
2023-11-26 02:30:54,758	Batch Processor	INFO	[ITA_Empoli-8_2_T-1            ]	<SUCCESS>	 Time [ms]:	   387	
2023-11-26 02:30:54,759	Batch Processor	INFO	[ITA_Foggia-10_1_T-1           ]	<SUCCESS>	 Time [ms]:	   327	
2023-11-26 02:30:54,759	Batch Processor	INFO	[ITA_Foggia-11_1_T-1           ]	<SUCCESS>	 Time [ms]:	   308	
2023-11-26 02:30:54,759	Batch Processor	INFO	[ITA_Foggia-12_1_T-1           ]	<FAILURE>	 Time [ms]:	   195
2023-11-26 02:30:54,760	Batch Processor	INFO	[ITA_Foggia-13_1_T-1           ]	<SUCCESS>	 Time [ms]:	   731	
2023-11-26 02:30:54,760	Batch Processor	INFO	[ITA_Foggia-19_1_T-1           ]	<FAILURE>	 Time [ms]:	   208
2023-11-26 02:30:54,760	Batch Processor	INFO	[ITA_Foggia-1_1_T-1            ]	<SUCCESS>	 Time [ms]:	   284	
2023-11-26 02:30:54,761	Batch Processor	INFO	[ITA_Foggia-3_1_T-1            ]	<SUCCESS>	 Time [ms]:	   290	
2023-11-26 02:30:54,761	Batch Processor	INFO	[ITA_Foggia-4_2_T-1            ]	<SUCCESS>	 Time [ms]:	   297	
2023-11-26 02:30:54,762	Batch Processor	INFO	[ITA_Foggia-5_1_T-1            ]	<SUCCESS>	 Time [ms]:	   671	
2023-11-26 02:30:54,762	Batch Processor	INFO	[ITA_Foggia-6_1_T-1            ]	<SUCCESS>	 Time [ms]:	   342	
2023-11-26 02:30:54,763	Batch Processor	INFO	[ITA_Foggia-7_2_T-1            ]	<SUCCESS>	 Time [ms]:	  1074	
2023-11-26 02:30:54,763	Batch Processor	INFO	[ITA_SanGiorgioaCremano-2_1_T-1]	<SUCCESS>	 Time [ms]:	   255	
2023-11-26 02:30:54,764	Batch Processor	INFO	[ITA_SanGiorgioaCremano-3_1_T-1]	<SUCCESS>	 Time [ms]:	   393	
2023-11-26 02:30:54,764	Batch Processor	INFO	[ITA_Scicli-2_1_T-1            ]	<SUCCESS>	 Time [ms]:	   633	
2023-11-26 02:30:54,765	Batch Processor	INFO	[ITA_Segrate-1_2_T-1           ]	<SUCCESS>	 Time [ms]:	   206	
2023-11-26 02:30:54,765	Batch Processor	INFO	[ITA_Segrate-2_3_T-1           ]	<SUCCESS>	 Time [ms]:	   191	
2023-11-26 02:30:54,766	Batch Processor	INFO	[ITA_Siderno-10_1_T-1          ]	<SUCCESS>	 Time [ms]:	   258	
2023-11-26 02:30:54,766	Batch Processor	INFO	[ITA_Siderno-2_4_T-1           ]	<SUCCESS>	 Time [ms]:	   340	
2023-11-26 02:30:54,767	Batch Processor	INFO	[ITA_Siderno-3_2_T-1           ]	<SUCCESS>	 Time [ms]:	   218	
2023-11-26 02:30:54,767	Batch Processor	INFO	[ITA_Siderno-4_3_T-1           ]	<SUCCESS>	 Time [ms]:	   304	
2023-11-26 02:30:54,768	Batch Processor	INFO	[ITA_Siderno-4_4_T-1           ]	<SUCCESS>	 Time [ms]:	   314	
2023-11-26 02:30:54,768	Batch Processor	INFO	[ITA_Siderno-5_4_T-1           ]	<SUCCESS>	 Time [ms]:	   488	
2023-11-26 02:30:54,769	Batch Processor	INFO	[ITA_Siderno-8_4_T-1           ]	<SUCCESS>	 Time [ms]:	   493	
2023-11-26 02:30:54,769	Batch Processor	INFO	[ITA_Siderno-8_5_T-1           ]	<SUCCESS>	 Time [ms]:	   496	
2023-11-26 02:30:54,770	Batch Processor	INFO	[PRI_Barceloneta-2_1_T-1       ]	<SUCCESS>	 Time [ms]:	   632	
2023-11-26 02:30:54,770	Batch Processor	INFO	[PRI_Barceloneta-3_1_T-1       ]	<SUCCESS>	 Time [ms]:	   513	
2023-11-26 02:30:54,771	Batch Processor	INFO	[PRI_Barceloneta-4_3_T-1       ]	<SUCCESS>	 Time [ms]:	   409	
2023-11-26 02:30:54,771	Batch Processor	INFO	[PRI_Barceloneta-4_5_T-1       ]	<SUCCESS>	 Time [ms]:	   402	
2023-11-26 02:30:54,771	Batch Processor	INFO	[RUS_Bicycle-10_1_T-1          ]	<SUCCESS>	 Time [ms]:	    87	
2023-11-26 02:30:54,772	Batch Processor	INFO	[RUS_Bicycle-11_1_T-1          ]	<SUCCESS>	 Time [ms]:	    74	
2023-11-26 02:30:54,772	Batch Processor	INFO	[RUS_Bicycle-12_1_T-1          ]	<SUCCESS>	 Time [ms]:	   184	
2023-11-26 02:30:54,773	Batch Processor	INFO	[RUS_Bicycle-13_1_T-1          ]	<SUCCESS>	 Time [ms]:	    61	
2023-11-26 02:30:54,774	Batch Processor	INFO	[RUS_Bicycle-14_1_T-1          ]	<SUCCESS>	 Time [ms]:	    71	
2023-11-26 02:30:54,775	Batch Processor	INFO	[RUS_Bicycle-1_1_T-1           ]	<SUCCESS>	 Time [ms]:	    63	
2023-11-26 02:30:54,776	Batch Processor	INFO	[RUS_Bicycle-2_1_T-1           ]	<SUCCESS>	 Time [ms]:	    83	
2023-11-26 02:30:54,776	Batch Processor	INFO	[RUS_Bicycle-3_1_T-1           ]	<TIMEOUT>	 Time [ms]:	 70000
2023-11-26 02:30:54,777	Batch Processor	INFO	[RUS_Bicycle-4_2_T-1           ]	<SUCCESS>	 Time [ms]:	    79	
2023-11-26 02:30:54,777	Batch Processor	INFO	[RUS_Bicycle-5_1_T-1           ]	<SUCCESS>	 Time [ms]:	   145	
2023-11-26 02:30:54,777	Batch Processor	INFO	[RUS_Bicycle-6_1_T-1           ]	<TIMEOUT>	 Time [ms]:	 70000
2023-11-26 02:30:54,778	Batch Processor	INFO	[RUS_Bicycle-7_1_T-1           ]	<SUCCESS>	 Time [ms]:	    75	
2023-11-26 02:30:54,778	Batch Processor	INFO	[RUS_Bicycle-8_1_T-1           ]	<SUCCESS>	 Time [ms]:	    74	
2023-11-26 02:30:54,778	Batch Processor	INFO	[RUS_Bicycle-9_1_T-1           ]	<SUCCESS>	 Time [ms]:	    64	
2023-11-26 02:30:54,779	Batch Processor	INFO	[USA_Lanker-1_2_T-1            ]	<SUCCESS>	 Time [ms]:	   265	
2023-11-26 02:30:54,779	Batch Processor	INFO	[USA_Peach-1_1_T-1             ]	<SUCCESS>	 Time [ms]:	   176	
2023-11-26 02:30:54,780	Batch Processor	INFO	[USA_Peach-2_1_T-1             ]	<TIMEOUT>	 Time [ms]:	 70000
2023-11-26 02:30:54,780	Batch Processor	INFO	[USA_Peach-3_1_T-1             ]	<TIMEOUT>	 Time [ms]:	 70000
2023-11-26 02:30:54,780	Batch Processor	INFO	[USA_US101-10_4_T-1            ]	<FAILURE>	 Time [ms]:	  2200
2023-11-26 02:30:54,780	Batch Processor	INFO	[USA_US101-11_4_T-1            ]	<TIMEOUT>	 Time [ms]:	 70000
2023-11-26 02:30:54,780	Batch Processor	INFO	[USA_US101-12_1_T-1            ]	<TIMEOUT>	 Time [ms]:	 70000
2023-11-26 02:30:54,782	Batch Processor	INFO	[USA_US101-13_4_T-1            ]	<SUCCESS>	 Time [ms]:	  8507	
2023-11-26 02:30:54,782	Batch Processor	INFO	[USA_US101-14_1_T-1            ]	<TIMEOUT>	 Time [ms]:	 70000
2023-11-26 02:30:54,782	Batch Processor	INFO	[USA_US101-15_1_T-1            ]	<TIMEOUT>	 Time [ms]:	 70000
2023-11-26 02:30:54,783	Batch Processor	INFO	[USA_US101-16_2_T-1            ]	<SUCCESS>	 Time [ms]:	  1539	
2023-11-26 02:30:54,783	Batch Processor	INFO	[USA_US101-17_1_T-1            ]	<TIMEOUT>	 Time [ms]:	 70000
2023-11-26 02:30:54,784	Batch Processor	INFO	[USA_US101-18_2_T-1            ]	<SUCCESS>	 Time [ms]:	   293	
2023-11-26 02:30:54,784	Batch Processor	INFO	[USA_US101-20_2_T-1            ]	<SUCCESS>	 Time [ms]:	  1251	
2023-11-26 02:30:54,785	Batch Processor	INFO	[USA_US101-21_2_T-1            ]	<SUCCESS>	 Time [ms]:	   370	
2023-11-26 02:30:54,786	Batch Processor	INFO	[USA_US101-22_4_T-1            ]	<TIMEOUT>	 Time [ms]:	 70000
2023-11-26 02:30:54,787	Batch Processor	INFO	[USA_US101-23_2_T-1            ]	<SUCCESS>	 Time [ms]:	   421	
2023-11-26 02:30:54,788	Batch Processor	INFO	[USA_US101-24_2_T-1            ]	<SUCCESS>	 Time [ms]:	   529	
2023-11-26 02:30:54,789	Batch Processor	INFO	[USA_US101-25_2_T-1            ]	<SUCCESS>	 Time [ms]:	   210	
2023-11-26 02:30:54,790	Batch Processor	INFO	[USA_US101-26_2_T-1            ]	<SUCCESS>	 Time [ms]:	   636	
2023-11-26 02:30:54,790	Batch Processor	INFO	[USA_US101-27_1_T-1            ]	<TIMEOUT>	 Time [ms]:	 70000
2023-11-26 02:30:54,790	Batch Processor	INFO	[USA_US101-28_1_T-1            ]	<TIMEOUT>	 Time [ms]:	 70000
2023-11-26 02:30:54,790	Batch Processor	INFO	[USA_US101-29_1_T-1            ]	<TIMEOUT>	 Time [ms]:	 70000
2023-11-26 02:30:54,790	Batch Processor	INFO	[USA_US101-3_1_T-1             ]	<TIMEOUT>	 Time [ms]:	 70000
2023-11-26 02:30:54,790	Batch Processor	INFO	[USA_US101-3_2_S-1             ]	<TIMEOUT>	 Time [ms]:	 70000
2023-11-26 02:30:54,790	Batch Processor	INFO	[USA_US101-4_1_T-1             ]	<TIMEOUT>	 Time [ms]:	 70000
2023-11-26 02:30:54,790	Batch Processor	INFO	[USA_US101-5_1_T-1             ]	<TIMEOUT>	 Time [ms]:	 70000
2023-11-26 02:30:54,791	Batch Processor	INFO	[USA_US101-6_1_T-1             ]	<TIMEOUT>	 Time [ms]:	 70000
2023-11-26 02:30:54,791	Batch Processor	INFO	[USA_US101-8_4_T-1             ]	<SUCCESS>	 Time [ms]:	   209	
2023-11-26 02:30:54,791	Batch Processor	INFO	[USA_US101-9_1_T-1             ]	<TIMEOUT>	 Time [ms]:	 70000
2023-11-26 02:30:54,792	Batch Processor	INFO	==============================        Solution found        ==============================
	- ARG_Carcarana-11_1_T-1
	- ARG_Carcarana-13_1_T-1
	- ARG_Carcarana-2_3_T-1
	- ARG_Carcarana-3_3_T-1
	- ARG_Carcarana-5_2_T-1
	- ARG_Carcarana-7_1_T-1
	- ARG_Carcarana-9_2_T-1
	- BEL_Aarschot-11_1_T-1
	- BEL_Aarschot-1_2_T-1
	- BEL_Aarschot-3_1_T-1
	- BEL_Aarschot-5_1_T-1
	- BEL_Beringen-1_1_T-1
	- BEL_Beringen-8_1_T-1
	- BEL_Nivelles-10_1_T-1
	- BEL_Nivelles-16_2_T-1
	- BEL_Nivelles-18_2_T-1
	- BEL_Nivelles-19_1_T-1
	- BEL_Nivelles-1_1_T-1
	- BEL_Nivelles-20_1_T-1
	- BEL_Nivelles-3_1_T-1
	- BEL_Nivelles-4_2_T-1
	- BEL_Nivelles-9_2_T-1
	- BEL_Putte-10_2_T-1
	- BEL_Putte-11_2_T-1
	- BEL_Putte-2_1_T-1
	- BEL_Putte-3_1_T-1
	- BEL_Putte-4_2_T-1
	- BEL_Putte-6_1_T-1
	- BEL_Wervik-1_4_T-1
	- BEL_Wervik-2_2_T-1
	- BEL_Wervik-4_1_T-1
	- BEL_Zaventem-1_2_T-1
	- BEL_Zaventem-3_1_T-1
	- BEL_Zaventem-4_1_T-1
	- BEL_Zaventem-5_3_T-1
	- BEL_Zwevegem-2_3_T-1
	- BEL_Zwevegem-3_1_T-1
	- BEL_Zwevegem-5_2_T-1
	- BEL_Zwevegem-7_2_T-1
	- BEL_Zwevegem-8_1_T-1
	- BEL_Zwevegem-8_4_T-1
	- DEU_Backnang-1_2_T-1
	- DEU_Backnang-4_1_T-1
	- DEU_Backnang-5_1_T-1
	- DEU_Backnang-6_1_T-1
	- DEU_Backnang-9_1_T-1
	- DEU_BadEssen-3_1_T-1
	- DEU_BadEssen-4_1_T-1
	- DEU_BadWaldsee-1_1_T-1
	- DEU_BadWaldsee-4_2_T-1
	- DEU_BadWaldsee-4_5_T-1
	- DEU_Bilderstoeckchen-2_3_T-1
	- DEU_Bilderstoeckchen-4_1_T-1
	- DEU_Flensburg-12_1_T-1
	- DEU_Flensburg-13_1_T-1
	- DEU_Flensburg-14_1_T-1
	- DEU_Flensburg-16_1_T-1
	- DEU_Flensburg-18_1_T-1
	- DEU_Flensburg-21_1_T-1
	- DEU_Flensburg-25_1_T-1
	- DEU_Flensburg-26_1_T-1
	- DEU_Flensburg-28_1_T-1
	- DEU_Flensburg-2_1_T-1
	- DEU_Flensburg-30_1_T-1
	- DEU_Flensburg-31_1_T-1
	- DEU_Flensburg-32_1_T-1
	- DEU_Flensburg-34_1_T-1
	- DEU_Flensburg-35_1_T-1
	- DEU_Flensburg-39_1_T-1
	- DEU_Flensburg-45_1_T-1
	- DEU_Flensburg-46_1_T-1
	- DEU_Flensburg-47_1_T-1
	- DEU_Flensburg-52_1_T-1
	- DEU_Flensburg-53_1_T-1
	- DEU_Flensburg-54_1_T-1
	- DEU_Flensburg-55_1_T-1
	- DEU_Flensburg-56_1_T-1
	- DEU_Flensburg-59_1_T-1
	- DEU_Flensburg-60_1_T-1
	- DEU_Flensburg-61_1_T-1
	- DEU_Flensburg-63_1_T-1
	- DEU_Flensburg-67_1_T-1
	- DEU_Flensburg-68_1_T-1
	- DEU_Flensburg-69_1_T-1
	- DEU_Flensburg-70_1_T-1
	- DEU_Flensburg-71_1_T-1
	- DEU_Flensburg-72_1_T-1
	- DEU_Flensburg-73_1_T-1
	- DEU_Flensburg-76_1_T-1
	- DEU_Flensburg-78_1_T-1
	- DEU_Flensburg-80_1_T-1
	- DEU_Flensburg-82_1_T-1
	- DEU_Flensburg-87_1_T-1
	- DEU_Flensburg-88_1_T-1
	- DEU_Flensburg-89_1_T-1
	- DEU_Flensburg-91_1_T-1
	- DEU_Flensburg-93_1_T-1
	- DEU_Flensburg-94_1_T-1
	- DEU_Flensburg-96_1_T-1
	- DEU_Flensburg-97_1_T-1
	- DEU_Flensburg-99_1_T-1
	- DEU_Guetersloh-10_5_T-1
	- DEU_Guetersloh-11_3_T-1
	- DEU_Guetersloh-12_1_T-1
	- DEU_Guetersloh-14_2_T-1
	- DEU_Guetersloh-15_2_T-1
	- DEU_Guetersloh-16_2_T-1
	- DEU_Guetersloh-16_5_T-1
	- DEU_Guetersloh-17_2_T-1
	- DEU_Guetersloh-18_1_T-1
	- DEU_Guetersloh-19_1_T-1
	- DEU_Guetersloh-20_1_T-1
	- DEU_Guetersloh-20_3_T-1
	- DEU_Guetersloh-21_1_T-1
	- DEU_Guetersloh-24_1_T-1
	- DEU_Guetersloh-24_2_T-1
	- DEU_Guetersloh-24_3_T-1
	- DEU_Guetersloh-25_2_T-1
	- DEU_Guetersloh-25_4_T-1
	- DEU_Guetersloh-27_1_T-1
	- DEU_Guetersloh-30_1_T-1
	- DEU_Guetersloh-31_4_T-1
	- DEU_Guetersloh-32_3_T-1
	- DEU_Guetersloh-33_1_T-1
	- DEU_Guetersloh-34_2_T-1
	- DEU_Guetersloh-36_1_T-1
	- DEU_Guetersloh-39_3_T-1
	- DEU_Guetersloh-39_5_T-1
	- DEU_Guetersloh-40_4_T-1
	- DEU_Guetersloh-40_5_T-1
	- DEU_Guetersloh-41_1_T-1
	- DEU_Guetersloh-42_1_T-1
	- DEU_Guetersloh-4_5_T-1
	- DEU_Guetersloh-50_1_T-1
	- DEU_Guetersloh-54_1_T-1
	- DEU_Guetersloh-55_1_T-1
	- DEU_Guetersloh-55_3_T-1
	- DEU_Guetersloh-65_2_T-1
	- DEU_Guetersloh-6_3_T-1
	- DEU_Guetersloh-7_2_T-1
	- DEU_Guetersloh-8_1_T-1
	- DEU_Hennigsdorf-11_1_T-1
	- DEU_Hennigsdorf-12_1_T-1
	- DEU_Hennigsdorf-13_2_T-1
	- DEU_Hennigsdorf-14_3_T-1
	- DEU_Hennigsdorf-15_3_T-1
	- DEU_Hennigsdorf-18_2_T-1
	- DEU_Hennigsdorf-3_2_T-1
	- DEU_Hennigsdorf-3_5_T-1
	- DEU_Hennigsdorf-5_1_T-1
	- DEU_Hennigsdorf-5_4_T-1
	- DEU_Hennigsdorf-7_3_T-1
	- DEU_Hennigsdorf-9_2_T-1
	- DEU_Ibbenbueren-10_2_T-1
	- DEU_Ibbenbueren-11_2_T-1
	- DEU_Ibbenbueren-12_1_T-1
	- DEU_Ibbenbueren-13_3_T-1
	- DEU_Ibbenbueren-14_1_T-1
	- DEU_Ibbenbueren-15_4_T-1
	- DEU_Ibbenbueren-16_3_T-1
	- DEU_Ibbenbueren-16_5_T-1
	- DEU_Ibbenbueren-2_2_T-1
	- DEU_Ibbenbueren-3_3_T-1
	- DEU_Ibbenbueren-4_2_T-1
	- DEU_Ibbenbueren-6_3_T-1
	- DEU_Ibbenbueren-6_4_T-1
	- DEU_Ibbenbueren-7_1_T-1
	- DEU_Ibbenbueren-9_1_T-1
	- DEU_Lohmar-11_1_T-1
	- DEU_Lohmar-12_1_T-1
	- DEU_Lohmar-14_1_T-1
	- DEU_Lohmar-15_1_T-1
	- DEU_Lohmar-16_1_T-1
	- DEU_Lohmar-17_1_T-1
	- DEU_Lohmar-22_1_T-1
	- DEU_Lohmar-23_1_T-1
	- DEU_Lohmar-24_1_T-1
	- DEU_Lohmar-32_1_T-1
	- DEU_Lohmar-33_1_T-1
	- DEU_Lohmar-34_1_T-1
	- DEU_Lohmar-39_1_T-1
	- DEU_Lohmar-40_1_T-1
	- DEU_Lohmar-46_1_T-1
	- DEU_Lohmar-47_1_T-1
	- DEU_Lohmar-49_1_T-1
	- DEU_Lohmar-50_1_T-1
	- DEU_Lohmar-52_1_T-1
	- DEU_Lohmar-53_1_T-1
	- DEU_Lohmar-54_1_T-1
	- DEU_Lohmar-57_1_T-1
	- DEU_Lohmar-63_1_T-1
	- DEU_Lohmar-67_1_T-1
	- DEU_Lohmar-68_1_T-1
	- DEU_Lohmar-9_1_T-1
	- DEU_Meckenheim-1_4_T-1
	- DEU_Meckenheim-3_1_T-1
	- DEU_Meckenheim-5_1_T-1
	- DEU_Meckenheim-8_3_T-1
	- DEU_Meckenheim-8_5_T-1
	- DEU_Moabit-1_2_T-1
	- DEU_Moabit-4_1_T-1
	- DEU_Moabit-5_2_T-1
	- DEU_Moabit-6_2_T-1
	- DEU_Moelln-10_3_T-1
	- DEU_Moelln-11_1_T-1
	- DEU_Moelln-12_1_T-1
	- DEU_Moelln-2_1_T-1
	- DEU_Moelln-4_3_T-1
	- DEU_Moelln-6_1_T-1
	- DEU_Moelln-7_1_T-1
	- DEU_Moelln-9_1_T-1
	- DEU_Muehlhausen-11_1_T-1
	- DEU_Muehlhausen-14_3_T-1
	- DEU_Muehlhausen-1_2_T-1
	- DEU_Muehlhausen-1_3_T-1
	- DEU_Muehlhausen-2_1_T-1
	- DEU_Muehlhausen-4_1_T-1
	- DEU_Muehlhausen-5_1_T-1
	- DEU_Muehlhausen-6_1_T-1
	- DEU_Muehlhausen-7_2_T-1
	- DEU_Reutlingen-2_1_T-1
	- DEU_Reutlingen-4_1_T-1
	- DEU_Rheinbach-1_4_T-1
	- DEU_Rheinbach-5_3_T-1
	- DEU_Speyer-2_4_T-1
	- DEU_Speyer-5_2_T-1
	- ESP_Almansa-1_1_T-1
	- ESP_Almansa-2_1_T-1
	- ESP_Almansa-6_1_T-1
	- ESP_Berga-10_1_T-1
	- ESP_Berga-4_4_T-1
	- ESP_Berga-6_1_T-1
	- ESP_Berga-9_1_T-1
	- ESP_Cambre-1_1_T-1
	- ESP_Cambre-2_1_T-1
	- ESP_Cambre-3_1_T-1
	- ESP_Ceuta-10_1_T-1
	- ESP_Ceuta-15_2_T-1
	- ESP_Ceuta-1_2_T-1
	- ESP_Ceuta-2_1_T-1
	- ESP_Ceuta-3_2_T-1
	- ESP_Ceuta-4_1_T-1
	- ESP_Ceuta-7_1_T-1
	- ESP_Ceuta-8_1_T-1
	- ESP_Inca-7_1_T-1
	- ESP_Monzon-2_1_T-1
	- ESP_Monzon-3_1_T-1
	- ESP_Monzon-5_1_T-1
	- ESP_Monzon-6_1_T-1
	- ESP_Monzon-7_2_T-1
	- ESP_Monzon-7_3_T-1
	- ESP_Monzon-9_1_T-1
	- ESP_PriegodeCordoba-2_3_T-1
	- ESP_PriegodeCordoba-3_1_T-1
	- ESP_PriegodeCordoba-6_1_T-1
	- ESP_Requena-6_2_T-1
	- ESP_SantBoideLlobregat-14_1_T-1
	- ESP_SantBoideLlobregat-14_4_T-1
	- ESP_SantBoideLlobregat-18_2_T-1
	- ESP_SantBoideLlobregat-19_1_T-1
	- ESP_SantBoideLlobregat-23_2_T-1
	- ESP_SantBoideLlobregat-24_1_T-1
	- ESP_SantBoideLlobregat-3_1_T-1
	- ESP_SantBoideLlobregat-6_2_T-1
	- ESP_SantBoideLlobregat-8_1_T-1
	- ESP_SantBoideLlobregat-8_5_T-1
	- ESP_Toledo-10_1_T-1
	- ESP_Toledo-10_2_T-1
	- ESP_Toledo-11_1_T-1
	- ESP_Toledo-11_5_T-1
	- ESP_Toledo-22_1_T-1
	- ESP_Toledo-23_1_T-1
	- ESP_Toledo-5_1_T-1
	- ESP_Toledo-6_2_T-1
	- ESP_Toledo-8_1_T-1
	- ESP_Toledo-9_1_T-1
	- FRA_Anglet-1_2_T-1
	- FRA_Anglet-3_2_T-1
	- FRA_Miramas-1_1_T-1
	- FRA_Miramas-2_1_T-1
	- FRA_Miramas-3_1_T-1
	- FRA_Miramas-5_1_T-1
	- FRA_Miramas-9_1_T-1
	- FRA_MoissyCramayel-1_1_T-1
	- FRA_MoissyCramayel-2_1_T-1
	- FRA_MoissyCramayel-4_1_T-1
	- FRA_Sete-1_1_T-1
	- GRC_Perama-2_1_T-1
	- GRC_Perama-3_2_T-1
	- GRC_Perama-4_3_T-1
	- GRC_Perama-7_1_T-1
	- HRV_Pula-10_1_T-1
	- HRV_Pula-12_3_T-1
	- HRV_Pula-13_2_T-1
	- HRV_Pula-15_1_T-1
	- HRV_Pula-18_1_T-1
	- HRV_Pula-19_2_T-1
	- HRV_Pula-21_1_T-1
	- HRV_Pula-22_1_T-1
	- HRV_Pula-23_1_T-1
	- HRV_Pula-24_1_T-1
	- HRV_Pula-25_1_T-1
	- HRV_Pula-27_2_T-1
	- HRV_Pula-29_3_T-1
	- HRV_Pula-31_1_T-1
	- HRV_Pula-32_2_T-1
	- HRV_Pula-33_2_T-1
	- HRV_Pula-5_2_T-1
	- HRV_Pula-5_3_T-1
	- HRV_Pula-6_2_T-1
	- HRV_Pula-7_2_T-1
	- HRV_Pula-8_3_T-1
	- HRV_Pula-9_2_T-1
	- HRV_Pula-9_4_T-1
	- ITA_CarpiCentro-1_3_T-1
	- ITA_CarpiCentro-2_4_T-1
	- ITA_CarpiCentro-3_1_T-1
	- ITA_CarpiCentro-5_1_T-1
	- ITA_CarpiCentro-6_2_T-1
	- ITA_CarpiCentro-7_1_T-1
	- ITA_CarpiCentro-8_3_T-1
	- ITA_Empoli-10_1_T-1
	- ITA_Empoli-18_1_T-1
	- ITA_Empoli-2_4_T-1
	- ITA_Empoli-2_5_T-1
	- ITA_Empoli-3_1_T-1
	- ITA_Empoli-4_2_T-1
	- ITA_Empoli-7_3_T-1
	- ITA_Empoli-8_2_T-1
	- ITA_Foggia-10_1_T-1
	- ITA_Foggia-11_1_T-1
	- ITA_Foggia-13_1_T-1
	- ITA_Foggia-1_1_T-1
	- ITA_Foggia-3_1_T-1
	- ITA_Foggia-4_2_T-1
	- ITA_Foggia-5_1_T-1
	- ITA_Foggia-6_1_T-1
	- ITA_Foggia-7_2_T-1
	- ITA_SanGiorgioaCremano-2_1_T-1
	- ITA_SanGiorgioaCremano-3_1_T-1
	- ITA_Scicli-2_1_T-1
	- ITA_Segrate-1_2_T-1
	- ITA_Segrate-2_3_T-1
	- ITA_Siderno-10_1_T-1
	- ITA_Siderno-2_4_T-1
	- ITA_Siderno-3_2_T-1
	- ITA_Siderno-4_3_T-1
	- ITA_Siderno-4_4_T-1
	- ITA_Siderno-5_4_T-1
	- ITA_Siderno-8_4_T-1
	- ITA_Siderno-8_5_T-1
	- PRI_Barceloneta-2_1_T-1
	- PRI_Barceloneta-3_1_T-1
	- PRI_Barceloneta-4_3_T-1
	- PRI_Barceloneta-4_5_T-1
	- RUS_Bicycle-10_1_T-1
	- RUS_Bicycle-11_1_T-1
	- RUS_Bicycle-12_1_T-1
	- RUS_Bicycle-13_1_T-1
	- RUS_Bicycle-14_1_T-1
	- RUS_Bicycle-1_1_T-1
	- RUS_Bicycle-2_1_T-1
	- RUS_Bicycle-4_2_T-1
	- RUS_Bicycle-5_1_T-1
	- RUS_Bicycle-7_1_T-1
	- RUS_Bicycle-8_1_T-1
	- RUS_Bicycle-9_1_T-1
	- USA_Lanker-1_2_T-1
	- USA_Peach-1_1_T-1
	- USA_US101-13_4_T-1
	- USA_US101-16_2_T-1
	- USA_US101-18_2_T-1
	- USA_US101-20_2_T-1
	- USA_US101-21_2_T-1
	- USA_US101-23_2_T-1
	- USA_US101-24_2_T-1
	- USA_US101-25_2_T-1
	- USA_US101-26_2_T-1
	- USA_US101-8_4_T-1
2023-11-26 02:30:54,792	Batch Processor	INFO	==============================      Solution not found      ==============================
	- ARG_Carcarana-8_4_T-1
	- BEL_Aarschot-6_1_T-1
	- BEL_Putte-14_3_T-1
	- BEL_Putte-17_1_T-1
	- DEU_Flensburg-64_1_T-1
	- DEU_Flensburg-92_1_T-1
	- DEU_Guetersloh-10_4_T-1
	- DEU_Lohmar-19_1_T-1
	- DEU_Lohmar-28_1_T-1
	- DEU_Speyer-2_1_T-1
	- ESP_Ceuta-11_1_T-1
	- ESP_Ceuta-5_1_T-1
	- ESP_Inca-3_2_T-1
	- ESP_SantBoideLlobregat-22_3_T-1
	- ESP_SantBoideLlobregat-4_1_T-1
	- FRA_Anglet-2_1_T-1
	- GRC_Perama-1_1_T-1
	- ITA_Foggia-12_1_T-1
	- ITA_Foggia-19_1_T-1
	- USA_US101-10_4_T-1
2023-11-26 02:30:54,792	Batch Processor	INFO	==============================           Time out           ==============================
	- DEU_Flensburg-10_1_T-1
	- DEU_Flensburg-11_1_T-1
	- DEU_Flensburg-15_1_T-1
	- DEU_Flensburg-17_1_T-1
	- DEU_Flensburg-19_1_T-1
	- DEU_Flensburg-20_1_T-1
	- DEU_Flensburg-22_1_T-1
	- DEU_Flensburg-23_1_T-1
	- DEU_Flensburg-24_1_T-1
	- DEU_Flensburg-27_1_T-1
	- DEU_Flensburg-29_1_T-1
	- DEU_Flensburg-33_1_T-1
	- DEU_Flensburg-36_1_T-1
	- DEU_Flensburg-37_1_T-1
	- DEU_Flensburg-38_1_T-1
	- DEU_Flensburg-40_1_T-1
	- DEU_Flensburg-41_1_T-1
	- DEU_Flensburg-42_1_T-1
	- DEU_Flensburg-43_1_T-1
	- DEU_Flensburg-44_1_T-1
	- DEU_Flensburg-48_1_T-1
	- DEU_Flensburg-49_1_T-1
	- DEU_Flensburg-50_1_T-1
	- DEU_Flensburg-51_1_T-1
	- DEU_Flensburg-57_1_T-1
	- DEU_Flensburg-58_1_T-1
	- DEU_Flensburg-62_1_T-1
	- DEU_Flensburg-65_1_T-1
	- DEU_Flensburg-66_1_T-1
	- DEU_Flensburg-74_1_T-1
	- DEU_Flensburg-75_1_T-1
	- DEU_Flensburg-77_1_T-1
	- DEU_Flensburg-79_1_T-1
	- DEU_Flensburg-83_1_T-1
	- DEU_Flensburg-84_1_T-1
	- DEU_Flensburg-85_1_T-1
	- DEU_Flensburg-86_1_T-1
	- DEU_Flensburg-90_1_T-1
	- DEU_Flensburg-95_1_T-1
	- DEU_Flensburg-98_1_T-1
	- DEU_Lohmar-10_1_T-1
	- DEU_Lohmar-13_1_T-1
	- DEU_Lohmar-18_1_T-1
	- DEU_Lohmar-20_1_T-1
	- DEU_Lohmar-21_1_T-1
	- DEU_Lohmar-25_1_T-1
	- DEU_Lohmar-26_1_T-1
	- DEU_Lohmar-27_1_T-1
	- DEU_Lohmar-29_1_T-1
	- DEU_Lohmar-30_1_T-1
	- DEU_Lohmar-31_1_T-1
	- DEU_Lohmar-35_1_T-1
	- DEU_Lohmar-36_1_T-1
	- DEU_Lohmar-37_1_T-1
	- DEU_Lohmar-38_1_T-1
	- DEU_Lohmar-41_1_T-1
	- DEU_Lohmar-42_1_T-1
	- DEU_Lohmar-43_1_T-1
	- DEU_Lohmar-44_1_T-1
	- DEU_Lohmar-45_1_T-1
	- DEU_Lohmar-48_1_T-1
	- DEU_Lohmar-51_1_T-1
	- DEU_Lohmar-55_1_T-1
	- DEU_Lohmar-56_1_T-1
	- DEU_Lohmar-58_1_T-1
	- DEU_Lohmar-59_1_T-1
	- DEU_Lohmar-60_1_T-1
	- DEU_Lohmar-61_1_T-1
	- DEU_Lohmar-62_1_T-1
	- DEU_Lohmar-64_1_T-1
	- DEU_Lohmar-65_1_T-1
	- DEU_Lohmar-66_1_T-1
	- DEU_Lohmar-69_1_T-1
	- DEU_Lohmar-70_1_T-1
	- DEU_Lohmar-8_1_T-1
	- DEU_Luckenwalde-1_1_T-1
	- DEU_Reutlingen-1_1_T-1
	- DEU_Reutlingen-3_1_T-1
	- DEU_Reutlingen-5_1_T-1
	- DEU_Reutlingen-6_1_T-1
	- RUS_Bicycle-3_1_T-1
	- RUS_Bicycle-6_1_T-1
	- USA_Peach-2_1_T-1
	- USA_Peach-3_1_T-1
	- USA_US101-11_4_T-1
	- USA_US101-12_1_T-1
	- USA_US101-14_1_T-1
	- USA_US101-15_1_T-1
	- USA_US101-17_1_T-1
	- USA_US101-22_4_T-1
	- USA_US101-27_1_T-1
	- USA_US101-28_1_T-1
	- USA_US101-29_1_T-1
	- USA_US101-3_1_T-1
	- USA_US101-3_2_S-1
	- USA_US101-4_1_T-1
	- USA_US101-5_1_T-1
	- USA_US101-6_1_T-1
	- USA_US101-9_1_T-1
2023-11-26 02:30:54,792	Batch Processor	INFO	
==============================        Result Summary        ==============================
2023-11-26 02:30:54,792	Batch Processor	INFO	Total number of scenarios:  	       500
2023-11-26 02:30:54,792	Batch Processor	INFO	Solution found:               	       379
2023-11-26 02:30:54,792	Batch Processor	INFO	Solution found but invalid:   	         0
2023-11-26 02:30:54,792	Batch Processor	INFO	Solution not found:           	        20
2023-11-26 02:30:54,793	Batch Processor	INFO	Exception occurred:           	         0
2023-11-26 02:30:54,793	Batch Processor	INFO	Time out:                     	        99
